{
"contracts\\Degen.sol":{"l":{"45":3,"46":3,"52":10,"53":10,"54":8,"55":7,"56":5,"60":4,"61":3,"62":3,"63":2,"71":2,"72":2,"84":8,"85":8,"86":3,"88":4,"89":4,"92":1,"93":1,"98":5,"99":5,"100":2,"102":1,"105":2,"110":2,"120":1,"121":2,"129":7,"136":2,"141":3,"147":2,"152":1,"158":2,"164":3,"170":3,"176":3,"182":1,"194":1,"195":1,"203":3,"206":2,"207":1,"210":1,"211":1,"218":17,"224":1,"229":9},"path":"C:\\Users\\Dori3n\\Desktop\\launchifi-hardhat-test\\contracts\\Degen.sol","s":{"1":10,"2":10,"3":8,"4":7,"5":4,"6":3,"7":3,"8":2,"9":8,"10":8,"11":3,"12":5,"13":4,"14":4,"15":1,"16":1,"17":5,"18":5,"19":2,"20":3,"21":1,"22":2,"23":1,"24":2,"25":1,"26":1,"27":3,"28":2,"29":1,"30":1,"31":1,"32":17,"33":1,"34":9},"b":{"1":[0,10],"2":[2,8],"3":[1,7],"4":[2,5],"5":[1,3],"6":[0,3],"7":[0,0],"8":[1,2],"9":[4,3],"10":[2,2],"11":[3,5],"12":[4,1],"13":[2,3],"14":[1,2],"15":[2,0],"16":[3,0],"17":[1,2],"18":[7,1],"19":[2,0],"20":[3,1],"21":[2,1],"22":[1,0],"23":[2,1],"24":[3,1],"25":[3,1],"26":[3,1],"27":[1,1],"28":[1,1],"29":[1,0],"30":[1,0],"31":[1,2],"32":[1,1],"33":[1,0]},"f":{"1":3,"2":10,"3":4,"4":2,"5":8,"6":5,"7":2,"8":1,"9":7,"10":2,"11":3,"12":2,"13":1,"14":2,"15":3,"16":3,"17":3,"18":1,"19":1,"20":3,"21":17,"22":1,"23":9},"fnMap":{"1":{"name":"constructor","line":44,"loc":{"start":{"line":44,"column":8},"end":{"line":47,"column":8}}},"2":{"name":"mintCompliance","line":51,"loc":{"start":{"line":51,"column":8},"end":{"line":57,"column":8}}},"3":{"name":"mintPriceCompliance","line":59,"loc":{"start":{"line":59,"column":8},"end":{"line":64,"column":8}}},"4":{"name":"mint","line":69,"loc":{"start":{"line":69,"column":8},"end":{"line":73,"column":10}}},"5":{"name":"checkCost","line":83,"loc":{"start":{"line":83,"column":11},"end":{"line":95,"column":8}}},"6":{"name":"checkFreemint","line":97,"loc":{"start":{"line":97,"column":8},"end":{"line":107,"column":8}}},"7":{"name":"changeFreeSupplyLimit","line":109,"loc":{"start":{"line":109,"column":8},"end":{"line":111,"column":8}}},"8":{"name":"airdrop","line":119,"loc":{"start":{"line":119,"column":8},"end":{"line":123,"column":8}}},"9":{"name":"pause","line":128,"loc":{"start":{"line":128,"column":8},"end":{"line":130,"column":8}}},"10":{"name":"setHiddenURL","line":135,"loc":{"start":{"line":135,"column":8},"end":{"line":137,"column":8}}},"11":{"name":"setRevealed","line":140,"loc":{"start":{"line":140,"column":8},"end":{"line":142,"column":8}}},"12":{"name":"setbaseURL","line":146,"loc":{"start":{"line":146,"column":8},"end":{"line":148,"column":8}}},"13":{"name":"setExtensionURL","line":151,"loc":{"start":{"line":151,"column":8},"end":{"line":153,"column":8}}},"14":{"name":"setCostPrice","line":157,"loc":{"start":{"line":157,"column":8},"end":{"line":159,"column":8}}},"15":{"name":"setMaxSupply","line":163,"loc":{"start":{"line":163,"column":8},"end":{"line":165,"column":8}}},"16":{"name":"setMaxMintAmountPerTx","line":169,"loc":{"start":{"line":169,"column":8},"end":{"line":171,"column":8}}},"17":{"name":"setMaxMintAmountPerWallet","line":175,"loc":{"start":{"line":175,"column":8},"end":{"line":177,"column":8}}},"18":{"name":"setnumberOfFreeNFTs","line":181,"loc":{"start":{"line":181,"column":8},"end":{"line":183,"column":8}}},"19":{"name":"withdraw","line":189,"loc":{"start":{"line":189,"column":8},"end":{"line":196,"column":8}}},"20":{"name":"tokenURI","line":202,"loc":{"start":{"line":202,"column":8},"end":{"line":214,"column":8}}},"21":{"name":"_startTokenId","line":217,"loc":{"start":{"line":217,"column":8},"end":{"line":219,"column":8}}},"22":{"name":"_baseURI","line":223,"loc":{"start":{"line":223,"column":8},"end":{"line":225,"column":8}}},"23":{"name":"safeMint","line":228,"loc":{"start":{"line":228,"column":4},"end":{"line":230,"column":4}}}},"statementMap":{"1":{"start":{"line":52,"column":12},"end":{"line":52,"column":65}},"2":{"start":{"line":53,"column":12},"end":{"line":53,"column":77}},"3":{"start":{"line":54,"column":12},"end":{"line":54,"column":76}},"4":{"start":{"line":55,"column":12},"end":{"line":55,"column":46}},"5":{"start":{"line":60,"column":12},"end":{"line":60,"column":107}},"6":{"start":{"line":61,"column":12},"end":{"line":61,"column":99}},"7":{"start":{"line":62,"column":14},"end":{"line":62,"column":79}},"8":{"start":{"line":72,"column":10},"end":{"line":72,"column":43}},"9":{"start":{"line":84,"column":10},"end":{"line":84,"column":66}},"10":{"start":{"line":85,"column":10},"end":{"line":85,"column":3774}},"11":{"start":{"line":86,"column":10},"end":{"line":86,"column":29}},"12":{"start":{"line":87,"column":17},"end":{"line":87,"column":3905}},"13":{"start":{"line":88,"column":10},"end":{"line":88,"column":69}},"14":{"start":{"line":89,"column":10},"end":{"line":89,"column":22}},"15":{"start":{"line":92,"column":10},"end":{"line":92,"column":50}},"16":{"start":{"line":93,"column":10},"end":{"line":93,"column":23}},"17":{"start":{"line":98,"column":10},"end":{"line":98,"column":66}},"18":{"start":{"line":99,"column":10},"end":{"line":99,"column":4440}},"19":{"start":{"line":100,"column":10},"end":{"line":100,"column":27}},"20":{"start":{"line":101,"column":17},"end":{"line":101,"column":4569}},"21":{"start":{"line":102,"column":11},"end":{"line":102,"column":58}},"22":{"start":{"line":105,"column":10},"end":{"line":105,"column":18}},"23":{"start":{"line":120,"column":10},"end":{"line":120,"column":5336}},"24":{"start":{"line":121,"column":10},"end":{"line":121,"column":39}},"25":{"start":{"line":194,"column":8},"end":{"line":194,"column":80}},"26":{"start":{"line":195,"column":8},"end":{"line":195,"column":21}},"27":{"start":{"line":203,"column":10},"end":{"line":203,"column":58}},"28":{"start":{"line":206,"column":8},"end":{"line":206,"column":8153}},"29":{"start":{"line":207,"column":8},"end":{"line":207,"column":24}},"30":{"start":{"line":210,"column":8},"end":{"line":210,"column":49}},"31":{"start":{"line":211,"column":8},"end":{"line":211,"column":8283}},"32":{"start":{"line":218,"column":10},"end":{"line":218,"column":18}},"33":{"start":{"line":224,"column":10},"end":{"line":224,"column":24}},"34":{"start":{"line":229,"column":10},"end":{"line":229,"column":30}}},"branchMap":{"1":{"line":52,"type":"if","locations":[{"start":{"line":52,"column":12},"end":{"line":52,"column":12}},{"start":{"line":52,"column":12},"end":{"line":52,"column":12}}]},"2":{"line":53,"type":"if","locations":[{"start":{"line":53,"column":12},"end":{"line":53,"column":12}},{"start":{"line":53,"column":12},"end":{"line":53,"column":12}}]},"3":{"line":54,"type":"if","locations":[{"start":{"line":54,"column":12},"end":{"line":54,"column":12}},{"start":{"line":54,"column":12},"end":{"line":54,"column":12}}]},"4":{"line":55,"type":"if","locations":[{"start":{"line":55,"column":12},"end":{"line":55,"column":12}},{"start":{"line":55,"column":12},"end":{"line":55,"column":12}}]},"5":{"line":60,"type":"if","locations":[{"start":{"line":60,"column":12},"end":{"line":60,"column":12}},{"start":{"line":60,"column":12},"end":{"line":60,"column":12}}]},"6":{"line":61,"type":"if","locations":[{"start":{"line":61,"column":12},"end":{"line":61,"column":12}},{"start":{"line":61,"column":12},"end":{"line":61,"column":12}}]},"7":{"line":61,"type":"cond-expr","locations":[{"start":{"line":61,"column":16},"end":{"line":61,"column":30}},{"start":{"line":61,"column":35},"end":{"line":61,"column":70}}]},"8":{"line":62,"type":"if","locations":[{"start":{"line":62,"column":14},"end":{"line":62,"column":14}},{"start":{"line":62,"column":14},"end":{"line":62,"column":14}}]},"9":{"line":69,"type":"if","locations":[{"start":{"line":69,"column":58},"end":{"line":69,"column":58}},{"start":{"line":69,"column":58},"end":{"line":69,"column":58}}]},"10":{"line":69,"type":"if","locations":[{"start":{"line":69,"column":86},"end":{"line":69,"column":86}},{"start":{"line":69,"column":86},"end":{"line":69,"column":86}}]},"11":{"line":85,"type":"if","locations":[{"start":{"line":85,"column":10},"end":{"line":85,"column":10}},{"start":{"line":85,"column":10},"end":{"line":85,"column":10}}]},"12":{"line":87,"type":"if","locations":[{"start":{"line":87,"column":17},"end":{"line":87,"column":17}},{"start":{"line":87,"column":17},"end":{"line":87,"column":17}}]},"13":{"line":99,"type":"if","locations":[{"start":{"line":99,"column":10},"end":{"line":99,"column":10}},{"start":{"line":99,"column":10},"end":{"line":99,"column":10}}]},"14":{"line":101,"type":"if","locations":[{"start":{"line":101,"column":17},"end":{"line":101,"column":17}},{"start":{"line":101,"column":17},"end":{"line":101,"column":17}}]},"15":{"line":109,"type":"if","locations":[{"start":{"line":109,"column":65},"end":{"line":109,"column":65}},{"start":{"line":109,"column":65},"end":{"line":109,"column":65}}]},"16":{"line":119,"type":"if","locations":[{"start":{"line":119,"column":74},"end":{"line":119,"column":74}},{"start":{"line":119,"column":74},"end":{"line":119,"column":74}}]},"17":{"line":119,"type":"if","locations":[{"start":{"line":119,"column":84},"end":{"line":119,"column":84}},{"start":{"line":119,"column":84},"end":{"line":119,"column":84}}]},"18":{"line":128,"type":"if","locations":[{"start":{"line":128,"column":32},"end":{"line":128,"column":32}},{"start":{"line":128,"column":32},"end":{"line":128,"column":32}}]},"19":{"line":135,"type":"if","locations":[{"start":{"line":135,"column":56},"end":{"line":135,"column":56}},{"start":{"line":135,"column":56},"end":{"line":135,"column":56}}]},"20":{"line":140,"type":"if","locations":[{"start":{"line":140,"column":38},"end":{"line":140,"column":38}},{"start":{"line":140,"column":38},"end":{"line":140,"column":38}}]},"21":{"line":146,"type":"if","locations":[{"start":{"line":146,"column":54},"end":{"line":146,"column":54}},{"start":{"line":146,"column":54},"end":{"line":146,"column":54}}]},"22":{"line":151,"type":"if","locations":[{"start":{"line":151,"column":59},"end":{"line":151,"column":59}},{"start":{"line":151,"column":59},"end":{"line":151,"column":59}}]},"23":{"line":157,"type":"if","locations":[{"start":{"line":157,"column":52},"end":{"line":157,"column":52}},{"start":{"line":157,"column":52},"end":{"line":157,"column":52}}]},"24":{"line":163,"type":"if","locations":[{"start":{"line":163,"column":53},"end":{"line":163,"column":53}},{"start":{"line":163,"column":53},"end":{"line":163,"column":53}}]},"25":{"line":169,"type":"if","locations":[{"start":{"line":169,"column":61},"end":{"line":169,"column":61}},{"start":{"line":169,"column":61},"end":{"line":169,"column":61}}]},"26":{"line":175,"type":"if","locations":[{"start":{"line":175,"column":69},"end":{"line":175,"column":69}},{"start":{"line":175,"column":69},"end":{"line":175,"column":69}}]},"27":{"line":181,"type":"if","locations":[{"start":{"line":181,"column":63},"end":{"line":181,"column":63}},{"start":{"line":181,"column":63},"end":{"line":181,"column":63}}]},"28":{"line":189,"type":"if","locations":[{"start":{"line":189,"column":35},"end":{"line":189,"column":35}},{"start":{"line":189,"column":35},"end":{"line":189,"column":35}}]},"29":{"line":189,"type":"if","locations":[{"start":{"line":189,"column":45},"end":{"line":189,"column":45}},{"start":{"line":189,"column":45},"end":{"line":189,"column":45}}]},"30":{"line":195,"type":"if","locations":[{"start":{"line":195,"column":8},"end":{"line":195,"column":8}},{"start":{"line":195,"column":8},"end":{"line":195,"column":8}}]},"31":{"line":203,"type":"if","locations":[{"start":{"line":203,"column":10},"end":{"line":203,"column":10}},{"start":{"line":203,"column":10},"end":{"line":203,"column":10}}]},"32":{"line":206,"type":"if","locations":[{"start":{"line":206,"column":8},"end":{"line":206,"column":8}},{"start":{"line":206,"column":8},"end":{"line":206,"column":8}}]},"33":{"line":212,"type":"if","locations":[{"start":{"line":212,"column":10},"end":{"line":212,"column":83}},{"start":{"line":213,"column":10},"end":{"line":213,"column":11}}]}}},
"contracts\\DutchAuction.sol":{"l":{"52":3,"103":3,"104":3,"111":22,"112":21,"113":21,"115":21,"132":18,"133":18,"135":18,"136":17,"137":17,"138":17,"139":17,"140":16,"142":16,"151":8,"152":7,"153":7,"155":6,"156":6,"158":5,"159":5,"160":5,"161":5,"164":5,"173":3,"174":2,"179":2,"180":2,"181":2,"183":2,"188":1,"189":1,"197":10,"198":1,"200":9,"201":9,"206":1,"213":3,"214":3,"216":3,"217":5,"218":4,"219":4,"223":3,"230":1,"231":1,"233":1,"234":1,"235":3,"236":2,"237":2,"238":2,"239":2,"243":1},"path":"C:\\Users\\Dori3n\\Desktop\\launchifi-hardhat-test\\contracts\\DutchAuction.sol","s":{"1":22,"2":21,"3":21,"4":18,"5":18,"6":18,"7":17,"8":17,"9":17,"10":17,"11":16,"12":8,"13":7,"14":7,"15":6,"16":6,"17":5,"18":5,"19":5,"20":5,"21":3,"22":2,"23":2,"24":2,"25":2,"26":1,"27":1,"28":10,"29":1,"30":9,"31":9,"32":3,"33":3,"34":3,"35":5,"36":3,"37":1,"38":1,"39":1,"40":1,"41":3,"42":2,"43":2,"44":1},"b":{"1":[22,1],"2":[1,21],"3":[18,1],"4":[1,17],"5":[0,17],"6":[0,17],"7":[1,7],"8":[1,6],"9":[1,5],"10":[3,1],"11":[1,2],"12":[1,1],"13":[1,0],"14":[1,0],"15":[1,9],"16":[0,1],"17":[1,1],"18":[4,1],"19":[2,1]},"f":{"1":3,"2":3,"3":22,"4":18,"5":8,"6":3,"7":1,"8":10,"9":1,"10":3,"11":1},"fnMap":{"1":{"name":"constructor","line":51,"loc":{"start":{"line":51,"column":3},"end":{"line":53,"column":5}}},"2":{"name":"constructor","line":101,"loc":{"start":{"line":101,"column":5},"end":{"line":106,"column":8}}},"3":{"name":"createAuction","line":110,"loc":{"start":{"line":110,"column":4},"end":{"line":123,"column":4}}},"4":{"name":"AuctionStart","line":131,"loc":{"start":{"line":131,"column":2},"end":{"line":143,"column":2}}},"5":{"name":"AuctionBuy","line":150,"loc":{"start":{"line":150,"column":4},"end":{"line":165,"column":4}}},"6":{"name":"AuctionCanceled","line":172,"loc":{"start":{"line":172,"column":4},"end":{"line":184,"column":4}}},"7":{"name":"withdraw","line":187,"loc":{"start":{"line":187,"column":6},"end":{"line":190,"column":8}}},"8":{"name":"getPrice","line":196,"loc":{"start":{"line":196,"column":4},"end":{"line":202,"column":4}}},"9":{"name":"setDiscountRate","line":205,"loc":{"start":{"line":205,"column":4},"end":{"line":207,"column":4}}},"10":{"name":"getAvailableNFTs","line":212,"loc":{"start":{"line":212,"column":0},"end":{"line":224,"column":0}}},"11":{"name":"getSoldNfts","line":229,"loc":{"start":{"line":229,"column":4},"end":{"line":244,"column":4}}}},"statementMap":{"1":{"start":{"line":111,"column":6},"end":{"line":111,"column":51}},"2":{"start":{"line":112,"column":8},"end":{"line":112,"column":34}},"3":{"start":{"line":113,"column":8},"end":{"line":113,"column":51}},"4":{"start":{"line":132,"column":10},"end":{"line":132,"column":49}},"5":{"start":{"line":133,"column":10},"end":{"line":133,"column":45}},"6":{"start":{"line":135,"column":8},"end":{"line":135,"column":85}},"7":{"start":{"line":136,"column":8},"end":{"line":136,"column":56}},"8":{"start":{"line":137,"column":8},"end":{"line":137,"column":57}},"9":{"start":{"line":138,"column":8},"end":{"line":138,"column":45}},"10":{"start":{"line":139,"column":8},"end":{"line":139,"column":69}},"11":{"start":{"line":142,"column":8},"end":{"line":142,"column":55}},"12":{"start":{"line":151,"column":8},"end":{"line":151,"column":77}},"13":{"start":{"line":152,"column":10},"end":{"line":152,"column":45}},"14":{"start":{"line":153,"column":8},"end":{"line":153,"column":56}},"15":{"start":{"line":155,"column":8},"end":{"line":155,"column":37}},"16":{"start":{"line":156,"column":8},"end":{"line":156,"column":53}},"17":{"start":{"line":158,"column":8},"end":{"line":158,"column":83}},"18":{"start":{"line":159,"column":8},"end":{"line":159,"column":29}},"19":{"start":{"line":160,"column":8},"end":{"line":160,"column":31}},"20":{"start":{"line":164,"column":8},"end":{"line":164,"column":39}},"21":{"start":{"line":173,"column":8},"end":{"line":173,"column":128}},"22":{"start":{"line":174,"column":8},"end":{"line":174,"column":45}},"23":{"start":{"line":179,"column":8},"end":{"line":179,"column":73}},"24":{"start":{"line":181,"column":8},"end":{"line":181,"column":34}},"25":{"start":{"line":183,"column":9},"end":{"line":183,"column":33}},"26":{"start":{"line":188,"column":12},"end":{"line":188,"column":84}},"27":{"start":{"line":189,"column":12},"end":{"line":189,"column":25}},"28":{"start":{"line":197,"column":8},"end":{"line":197,"column":5798}},"29":{"start":{"line":198,"column":8},"end":{"line":198,"column":18}},"30":{"start":{"line":200,"column":8},"end":{"line":200,"column":96}},"31":{"start":{"line":201,"column":8},"end":{"line":201,"column":94}},"32":{"start":{"line":213,"column":4},"end":{"line":213,"column":96}},"33":{"start":{"line":214,"column":4},"end":{"line":214,"column":25}},"34":{"start":{"line":216,"column":4},"end":{"line":216,"column":6547}},"35":{"start":{"line":217,"column":8},"end":{"line":217,"column":6616}},"36":{"start":{"line":223,"column":4},"end":{"line":223,"column":24}},"37":{"start":{"line":230,"column":8},"end":{"line":230,"column":51}},"38":{"start":{"line":231,"column":8},"end":{"line":231,"column":29}},"39":{"start":{"line":233,"column":8},"end":{"line":233,"column":63}},"40":{"start":{"line":234,"column":8},"end":{"line":234,"column":7079}},"41":{"start":{"line":235,"column":12},"end":{"line":235,"column":7140}},"42":{"start":{"line":236,"column":16},"end":{"line":236,"column":38}},"43":{"start":{"line":237,"column":16},"end":{"line":237,"column":65}},"44":{"start":{"line":243,"column":4},"end":{"line":243,"column":16}}},"branchMap":{"1":{"line":110,"type":"if","locations":[{"start":{"line":110,"column":125},"end":{"line":110,"column":125}},{"start":{"line":110,"column":125},"end":{"line":110,"column":125}}]},"2":{"line":111,"type":"if","locations":[{"start":{"line":111,"column":6},"end":{"line":111,"column":6}},{"start":{"line":111,"column":6},"end":{"line":111,"column":6}}]},"3":{"line":131,"type":"if","locations":[{"start":{"line":131,"column":46},"end":{"line":131,"column":46}},{"start":{"line":131,"column":46},"end":{"line":131,"column":46}}]},"4":{"line":135,"type":"if","locations":[{"start":{"line":135,"column":8},"end":{"line":135,"column":8}},{"start":{"line":135,"column":8},"end":{"line":135,"column":8}}]},"5":{"line":136,"type":"if","locations":[{"start":{"line":136,"column":8},"end":{"line":136,"column":8}},{"start":{"line":136,"column":8},"end":{"line":136,"column":8}}]},"6":{"line":137,"type":"if","locations":[{"start":{"line":137,"column":8},"end":{"line":137,"column":8}},{"start":{"line":137,"column":8},"end":{"line":137,"column":8}}]},"7":{"line":151,"type":"if","locations":[{"start":{"line":151,"column":8},"end":{"line":151,"column":8}},{"start":{"line":151,"column":8},"end":{"line":151,"column":8}}]},"8":{"line":153,"type":"if","locations":[{"start":{"line":153,"column":8},"end":{"line":153,"column":8}},{"start":{"line":153,"column":8},"end":{"line":153,"column":8}}]},"9":{"line":156,"type":"if","locations":[{"start":{"line":156,"column":8},"end":{"line":156,"column":8}},{"start":{"line":156,"column":8},"end":{"line":156,"column":8}}]},"10":{"line":172,"type":"if","locations":[{"start":{"line":172,"column":51},"end":{"line":172,"column":51}},{"start":{"line":172,"column":51},"end":{"line":172,"column":51}}]},"11":{"line":173,"type":"if","locations":[{"start":{"line":173,"column":8},"end":{"line":173,"column":8}},{"start":{"line":173,"column":8},"end":{"line":173,"column":8}}]},"12":{"line":187,"type":"if","locations":[{"start":{"line":187,"column":33},"end":{"line":187,"column":33}},{"start":{"line":187,"column":33},"end":{"line":187,"column":33}}]},"13":{"line":187,"type":"if","locations":[{"start":{"line":187,"column":43},"end":{"line":187,"column":43}},{"start":{"line":187,"column":43},"end":{"line":187,"column":43}}]},"14":{"line":189,"type":"if","locations":[{"start":{"line":189,"column":12},"end":{"line":189,"column":12}},{"start":{"line":189,"column":12},"end":{"line":189,"column":12}}]},"15":{"line":197,"type":"if","locations":[{"start":{"line":197,"column":8},"end":{"line":197,"column":8}},{"start":{"line":197,"column":8},"end":{"line":197,"column":8}}]},"16":{"line":197,"type":"cond-expr","locations":[{"start":{"line":197,"column":12},"end":{"line":197,"column":57}},{"start":{"line":197,"column":63},"end":{"line":197,"column":104}}]},"17":{"line":205,"type":"if","locations":[{"start":{"line":205,"column":73},"end":{"line":205,"column":73}},{"start":{"line":205,"column":73},"end":{"line":205,"column":73}}]},"18":{"line":217,"type":"if","locations":[{"start":{"line":217,"column":8},"end":{"line":217,"column":8}},{"start":{"line":217,"column":8},"end":{"line":217,"column":8}}]},"19":{"line":235,"type":"if","locations":[{"start":{"line":235,"column":12},"end":{"line":235,"column":12}},{"start":{"line":235,"column":12},"end":{"line":235,"column":12}}]}}},
"contracts\\EnglishAuction.sol":{"l":{"58":3,"96":3,"104":24,"105":24,"107":24,"125":1,"126":1,"128":1,"129":1,"130":0,"131":0,"132":0,"133":0,"135":0,"145":1,"146":0,"147":0,"148":0,"149":0,"150":0,"151":0,"153":0,"154":0,"157":0,"158":0,"159":0,"161":0,"169":1,"170":1,"171":1,"172":1,"173":1,"174":1,"176":0,"178":0,"179":0,"180":0,"181":0,"184":0,"185":0,"188":0,"193":0,"200":0,"202":0,"212":1,"213":1,"214":1,"215":0,"217":0,"225":0,"226":0,"228":0,"229":0,"230":0,"231":0,"235":0,"240":0,"241":0,"243":0,"244":0,"245":0,"246":0,"247":0,"248":0,"249":0,"253":0},"path":"C:\\Users\\Dori3n\\Desktop\\launchifi-hardhat-test\\contracts\\EnglishAuction.sol","s":{"1":24,"2":24,"3":1,"4":1,"5":1,"6":1,"7":0,"8":0,"9":0,"10":0,"11":1,"12":0,"13":0,"14":0,"15":0,"16":0,"17":0,"18":0,"19":0,"20":1,"21":1,"22":1,"23":1,"24":1,"25":1,"26":0,"27":0,"28":0,"29":0,"30":0,"31":0,"32":0,"33":0,"34":0,"35":1,"36":0,"37":0,"38":0,"39":0,"40":0,"41":0,"42":0,"43":0,"44":0,"45":0,"46":0,"47":0,"48":0,"49":0,"50":0},"b":{"1":[24,1],"2":[1,1],"3":[0,1],"4":[1,0],"5":[0,0],"6":[1,0],"7":[0,0],"8":[0,0],"9":[0,0],"10":[0,0],"11":[1,1],"12":[0,1],"13":[1,0],"14":[0,0],"15":[0,1],"16":[0,0],"17":[0,0],"18":[0,0],"19":[0,0]},"f":{"1":3,"2":3,"3":24,"4":1,"5":1,"6":1,"7":0,"8":1,"9":0,"10":0},"fnMap":{"1":{"name":"constructor","line":57,"loc":{"start":{"line":57,"column":5},"end":{"line":59,"column":7}}},"2":{"name":"constructor","line":94,"loc":{"start":{"line":94,"column":4},"end":{"line":99,"column":8}}},"3":{"name":"createAuction","line":103,"loc":{"start":{"line":103,"column":4},"end":{"line":116,"column":4}}},"4":{"name":"AuctionStart","line":124,"loc":{"start":{"line":124,"column":2},"end":{"line":136,"column":2}}},"5":{"name":"AuctionBid","line":144,"loc":{"start":{"line":144,"column":2},"end":{"line":162,"column":2}}},"6":{"name":"AuctionEnd","line":167,"loc":{"start":{"line":167,"column":2},"end":{"line":189,"column":2}}},"7":{"name":"AuctionCanceled","line":192,"loc":{"start":{"line":192,"column":2},"end":{"line":204,"column":2}}},"8":{"name":"withdraw","line":211,"loc":{"start":{"line":211,"column":2},"end":{"line":218,"column":2}}},"9":{"name":"getAvailableNFTs","line":224,"loc":{"start":{"line":224,"column":0},"end":{"line":236,"column":0}}},"10":{"name":"getSoldNFTs","line":239,"loc":{"start":{"line":239,"column":0},"end":{"line":254,"column":0}}}},"statementMap":{"1":{"start":{"line":104,"column":10},"end":{"line":104,"column":36}},"2":{"start":{"line":105,"column":11},"end":{"line":105,"column":54}},"3":{"start":{"line":125,"column":10},"end":{"line":125,"column":49}},"4":{"start":{"line":126,"column":10},"end":{"line":126,"column":45}},"5":{"start":{"line":128,"column":8},"end":{"line":128,"column":85}},"6":{"start":{"line":129,"column":8},"end":{"line":129,"column":56}},"7":{"start":{"line":130,"column":8},"end":{"line":130,"column":57}},"8":{"start":{"line":131,"column":8},"end":{"line":131,"column":45}},"9":{"start":{"line":132,"column":8},"end":{"line":132,"column":69}},"10":{"start":{"line":135,"column":8},"end":{"line":135,"column":55}},"11":{"start":{"line":145,"column":8},"end":{"line":145,"column":77}},"12":{"start":{"line":146,"column":10},"end":{"line":146,"column":45}},"13":{"start":{"line":147,"column":10},"end":{"line":147,"column":64}},"14":{"start":{"line":148,"column":10},"end":{"line":148,"column":55}},"15":{"start":{"line":149,"column":8},"end":{"line":149,"column":56}},"16":{"start":{"line":150,"column":8},"end":{"line":150,"column":68}},"17":{"start":{"line":151,"column":8},"end":{"line":151,"column":54}},"18":{"start":{"line":153,"column":8},"end":{"line":153,"column":4565}},"19":{"start":{"line":161,"column":8},"end":{"line":161,"column":39}},"20":{"start":{"line":169,"column":8},"end":{"line":169,"column":43}},"21":{"start":{"line":170,"column":8},"end":{"line":170,"column":45}},"22":{"start":{"line":171,"column":8},"end":{"line":171,"column":62}},"23":{"start":{"line":172,"column":8},"end":{"line":172,"column":53}},"24":{"start":{"line":173,"column":8},"end":{"line":173,"column":59}},"25":{"start":{"line":174,"column":8},"end":{"line":174,"column":81}},"26":{"start":{"line":178,"column":8},"end":{"line":178,"column":5358}},"27":{"start":{"line":179,"column":12},"end":{"line":179,"column":80}},"28":{"start":{"line":180,"column":12},"end":{"line":180,"column":38}},"29":{"start":{"line":181,"column":13},"end":{"line":181,"column":36}},"30":{"start":{"line":184,"column":12},"end":{"line":184,"column":73}},"31":{"start":{"line":185,"column":14},"end":{"line":185,"column":37}},"32":{"start":{"line":188,"column":8},"end":{"line":188,"column":43}},"33":{"start":{"line":193,"column":8},"end":{"line":193,"column":138}},"34":{"start":{"line":202,"column":8},"end":{"line":202,"column":34}},"35":{"start":{"line":212,"column":8},"end":{"line":212,"column":43}},"36":{"start":{"line":215,"column":8},"end":{"line":215,"column":40}},"37":{"start":{"line":217,"column":8},"end":{"line":217,"column":38}},"38":{"start":{"line":225,"column":4},"end":{"line":225,"column":96}},"39":{"start":{"line":226,"column":4},"end":{"line":226,"column":25}},"40":{"start":{"line":228,"column":4},"end":{"line":228,"column":6987}},"41":{"start":{"line":229,"column":8},"end":{"line":229,"column":7056}},"42":{"start":{"line":235,"column":4},"end":{"line":235,"column":24}},"43":{"start":{"line":240,"column":4},"end":{"line":240,"column":47}},"44":{"start":{"line":241,"column":4},"end":{"line":241,"column":25}},"45":{"start":{"line":243,"column":4},"end":{"line":243,"column":59}},"46":{"start":{"line":244,"column":4},"end":{"line":244,"column":7499}},"47":{"start":{"line":245,"column":8},"end":{"line":245,"column":30}},"48":{"start":{"line":246,"column":8},"end":{"line":246,"column":57}},"49":{"start":{"line":247,"column":8},"end":{"line":247,"column":7648}},"50":{"start":{"line":253,"column":4},"end":{"line":253,"column":16}}},"branchMap":{"1":{"line":103,"type":"if","locations":[{"start":{"line":103,"column":102},"end":{"line":103,"column":102}},{"start":{"line":103,"column":102},"end":{"line":103,"column":102}}]},"2":{"line":124,"type":"if","locations":[{"start":{"line":124,"column":46},"end":{"line":124,"column":46}},{"start":{"line":124,"column":46},"end":{"line":124,"column":46}}]},"3":{"line":128,"type":"if","locations":[{"start":{"line":128,"column":8},"end":{"line":128,"column":8}},{"start":{"line":128,"column":8},"end":{"line":128,"column":8}}]},"4":{"line":129,"type":"if","locations":[{"start":{"line":129,"column":8},"end":{"line":129,"column":8}},{"start":{"line":129,"column":8},"end":{"line":129,"column":8}}]},"5":{"line":130,"type":"if","locations":[{"start":{"line":130,"column":8},"end":{"line":130,"column":8}},{"start":{"line":130,"column":8},"end":{"line":130,"column":8}}]},"6":{"line":145,"type":"if","locations":[{"start":{"line":145,"column":8},"end":{"line":145,"column":8}},{"start":{"line":145,"column":8},"end":{"line":145,"column":8}}]},"7":{"line":149,"type":"if","locations":[{"start":{"line":149,"column":8},"end":{"line":149,"column":8}},{"start":{"line":149,"column":8},"end":{"line":149,"column":8}}]},"8":{"line":150,"type":"if","locations":[{"start":{"line":150,"column":8},"end":{"line":150,"column":8}},{"start":{"line":150,"column":8},"end":{"line":150,"column":8}}]},"9":{"line":151,"type":"if","locations":[{"start":{"line":151,"column":8},"end":{"line":151,"column":8}},{"start":{"line":151,"column":8},"end":{"line":151,"column":8}}]},"10":{"line":153,"type":"if","locations":[{"start":{"line":153,"column":8},"end":{"line":153,"column":8}},{"start":{"line":153,"column":8},"end":{"line":153,"column":8}}]},"11":{"line":167,"type":"if","locations":[{"start":{"line":167,"column":44},"end":{"line":167,"column":44}},{"start":{"line":167,"column":44},"end":{"line":167,"column":44}}]},"12":{"line":173,"type":"if","locations":[{"start":{"line":173,"column":8},"end":{"line":173,"column":8}},{"start":{"line":173,"column":8},"end":{"line":173,"column":8}}]},"13":{"line":174,"type":"if","locations":[{"start":{"line":174,"column":8},"end":{"line":174,"column":8}},{"start":{"line":174,"column":8},"end":{"line":174,"column":8}}]},"14":{"line":178,"type":"if","locations":[{"start":{"line":178,"column":8},"end":{"line":178,"column":8}},{"start":{"line":178,"column":8},"end":{"line":178,"column":8}}]},"15":{"line":192,"type":"if","locations":[{"start":{"line":192,"column":49},"end":{"line":192,"column":49}},{"start":{"line":192,"column":49},"end":{"line":192,"column":49}}]},"16":{"line":193,"type":"if","locations":[{"start":{"line":193,"column":8},"end":{"line":193,"column":8}},{"start":{"line":193,"column":8},"end":{"line":193,"column":8}}]},"17":{"line":193,"type":"cond-expr","locations":[{"start":{"line":193,"column":13},"end":{"line":193,"column":58}},{"start":{"line":193,"column":64},"end":{"line":193,"column":106}}]},"18":{"line":229,"type":"if","locations":[{"start":{"line":229,"column":8},"end":{"line":229,"column":8}},{"start":{"line":229,"column":8},"end":{"line":229,"column":8}}]},"19":{"line":247,"type":"if","locations":[{"start":{"line":247,"column":8},"end":{"line":247,"column":8}},{"start":{"line":247,"column":8},"end":{"line":247,"column":8}}]}}},
"contracts\\ERC1155Staking.sol":{"l":{"87":3,"88":3,"89":3,"101":24,"102":22,"103":22,"105":22,"106":18,"107":18,"108":18,"109":18,"110":18,"111":18,"114":4,"115":4,"116":2,"117":2,"118":2,"119":2,"120":2,"122":2,"123":2,"124":2,"125":2,"126":2,"127":2,"131":22,"142":10,"143":10,"144":9,"145":9,"146":6,"148":5,"149":5,"150":5,"151":5,"152":5,"153":5,"162":3,"164":3,"165":1,"166":1,"167":1,"168":1,"175":1,"176":1,"177":1,"178":0,"181":1,"188":1,"195":1,"199":1,"200":1,"212":0,"216":6,"217":6,"218":6,"219":6,"220":6,"221":8,"222":6,"223":6,"224":6,"228":6,"232":6,"239":12,"240":12,"251":5,"253":5,"254":5,"258":13,"259":13,"260":8,"263":5,"268":0,"270":0,"271":0,"273":0},"path":"C:\\Users\\Dori3n\\Desktop\\launchifi-hardhat-test\\contracts\\ERC1155Staking.sol","s":{"1":24,"2":22,"3":22,"4":22,"5":18,"6":18,"7":18,"8":4,"9":4,"10":2,"11":2,"12":2,"13":2,"14":22,"15":10,"16":10,"17":9,"18":9,"19":6,"20":5,"21":5,"22":5,"23":3,"24":3,"25":1,"26":1,"27":1,"28":1,"29":1,"30":0,"31":1,"32":1,"33":1,"34":0,"35":6,"36":6,"37":6,"38":6,"39":6,"40":8,"41":6,"42":12,"43":12,"44":5,"45":13,"46":13,"47":8,"48":5,"49":0,"50":0,"51":0},"b":{"1":[22,2],"2":[18,4],"3":[2,2],"4":[10,0],"5":[9,1],"6":[6,3],"7":[5,1],"8":[1,2],"9":[1,1],"10":[1,1],"11":[1,1],"12":[1,1],"13":[6,2],"14":[8,5],"15":[0,0]},"f":{"1":3,"2":24,"3":10,"4":3,"5":1,"6":1,"7":1,"8":1,"9":0,"10":6,"11":12,"12":5,"13":13,"14":0},"fnMap":{"1":{"name":"constructor","line":81,"loc":{"start":{"line":81,"column":6},"end":{"line":92,"column":6}}},"2":{"name":"stake","line":100,"loc":{"start":{"line":100,"column":0},"end":{"line":132,"column":0}}},"3":{"name":"withdraw","line":141,"loc":{"start":{"line":141,"column":2},"end":{"line":154,"column":4}}},"4":{"name":"claimRewards","line":161,"loc":{"start":{"line":161,"column":2},"end":{"line":169,"column":2}}},"5":{"name":"setRewardsPerHour","line":174,"loc":{"start":{"line":174,"column":2},"end":{"line":182,"column":4}}},"6":{"name":"pause","line":187,"loc":{"start":{"line":187,"column":4},"end":{"line":189,"column":4}}},"7":{"name":"unpause","line":194,"loc":{"start":{"line":194,"column":4},"end":{"line":196,"column":4}}},"8":{"name":"setStakingTime","line":198,"loc":{"start":{"line":198,"column":4},"end":{"line":201,"column":4}}},"9":{"name":"userStakeInfo","line":207,"loc":{"start":{"line":207,"column":2},"end":{"line":213,"column":4}}},"10":{"name":"getStakedIdsAndAmounts","line":215,"loc":{"start":{"line":215,"column":2},"end":{"line":233,"column":0}}},"11":{"name":"calculateRewards","line":238,"loc":{"start":{"line":238,"column":2},"end":{"line":243,"column":6}}},"12":{"name":"updateRewards","line":250,"loc":{"start":{"line":250,"column":4},"end":{"line":255,"column":4}}},"13":{"name":"getIndexOfTokenId","line":257,"loc":{"start":{"line":257,"column":8},"end":{"line":264,"column":4}}},"14":{"name":"availableRewards","line":267,"loc":{"start":{"line":267,"column":6},"end":{"line":274,"column":8}}}},"statementMap":{"1":{"start":{"line":101,"column":4},"end":{"line":101,"column":100}},"2":{"start":{"line":102,"column":4},"end":{"line":102,"column":47}},"3":{"start":{"line":103,"column":4},"end":{"line":103,"column":83}},"4":{"start":{"line":105,"column":4},"end":{"line":105,"column":3913}},"5":{"start":{"line":106,"column":8},"end":{"line":106,"column":43}},"6":{"start":{"line":107,"column":8},"end":{"line":107,"column":41}},"7":{"start":{"line":111,"column":8},"end":{"line":111,"column":36}},"8":{"start":{"line":114,"column":8},"end":{"line":114,"column":74}},"9":{"start":{"line":115,"column":8},"end":{"line":115,"column":4383}},"10":{"start":{"line":116,"column":12},"end":{"line":116,"column":84}},"11":{"start":{"line":122,"column":12},"end":{"line":122,"column":84}},"12":{"start":{"line":123,"column":12},"end":{"line":123,"column":47}},"13":{"start":{"line":124,"column":12},"end":{"line":124,"column":45}},"14":{"start":{"line":131,"column":4},"end":{"line":131,"column":62}},"15":{"start":{"line":142,"column":6},"end":{"line":142,"column":49}},"16":{"start":{"line":143,"column":6},"end":{"line":143,"column":75}},"17":{"start":{"line":144,"column":6},"end":{"line":144,"column":67}},"18":{"start":{"line":145,"column":6},"end":{"line":145,"column":81}},"19":{"start":{"line":146,"column":6},"end":{"line":146,"column":83}},"20":{"start":{"line":148,"column":6},"end":{"line":148,"column":30}},"21":{"start":{"line":152,"column":6},"end":{"line":152,"column":80}},"22":{"start":{"line":153,"column":6},"end":{"line":153,"column":62}},"23":{"start":{"line":162,"column":6},"end":{"line":162,"column":6351}},"24":{"start":{"line":164,"column":6},"end":{"line":164,"column":57}},"25":{"start":{"line":167,"column":6},"end":{"line":167,"column":51}},"26":{"start":{"line":168,"column":6},"end":{"line":168,"column":62}},"27":{"start":{"line":175,"column":6},"end":{"line":175,"column":46}},"28":{"start":{"line":176,"column":6},"end":{"line":176,"column":35}},"29":{"start":{"line":177,"column":6},"end":{"line":177,"column":7117}},"30":{"start":{"line":178,"column":10},"end":{"line":178,"column":35}},"31":{"start":{"line":188,"column":8},"end":{"line":188,"column":15}},"32":{"start":{"line":195,"column":8},"end":{"line":195,"column":17}},"33":{"start":{"line":200,"column":6},"end":{"line":200,"column":62}},"34":{"start":{"line":212,"column":8},"end":{"line":212,"column":69}},"35":{"start":{"line":216,"column":4},"end":{"line":216,"column":43}},"36":{"start":{"line":217,"column":4},"end":{"line":217,"column":75}},"37":{"start":{"line":218,"column":4},"end":{"line":218,"column":74}},"38":{"start":{"line":219,"column":4},"end":{"line":219,"column":21}},"39":{"start":{"line":220,"column":4},"end":{"line":220,"column":8296}},"40":{"start":{"line":221,"column":8},"end":{"line":221,"column":8370}},"41":{"start":{"line":232,"column":4},"end":{"line":232,"column":30}},"42":{"start":{"line":239,"column":8},"end":{"line":239,"column":47}},"43":{"start":{"line":240,"column":8},"end":{"line":240,"column":8960}},"44":{"start":{"line":251,"column":8},"end":{"line":251,"column":48}},"45":{"start":{"line":258,"column":8},"end":{"line":258,"column":9589}},"46":{"start":{"line":259,"column":12},"end":{"line":259,"column":9654}},"47":{"start":{"line":260,"column":16},"end":{"line":260,"column":24}},"48":{"start":{"line":263,"column":8},"end":{"line":263,"column":30}},"49":{"start":{"line":268,"column":8},"end":{"line":268,"column":45}},"50":{"start":{"line":270,"column":8},"end":{"line":270,"column":9929}},"51":{"start":{"line":271,"column":12},"end":{"line":271,"column":42}}},"branchMap":{"1":{"line":101,"type":"if","locations":[{"start":{"line":101,"column":4},"end":{"line":101,"column":4}},{"start":{"line":101,"column":4},"end":{"line":101,"column":4}}]},"2":{"line":105,"type":"if","locations":[{"start":{"line":105,"column":4},"end":{"line":105,"column":4}},{"start":{"line":105,"column":4},"end":{"line":105,"column":4}}]},"3":{"line":115,"type":"if","locations":[{"start":{"line":115,"column":8},"end":{"line":115,"column":8}},{"start":{"line":115,"column":8},"end":{"line":115,"column":8}}]},"4":{"line":141,"type":"if","locations":[{"start":{"line":141,"column":59},"end":{"line":141,"column":59}},{"start":{"line":141,"column":59},"end":{"line":141,"column":59}}]},"5":{"line":143,"type":"if","locations":[{"start":{"line":143,"column":6},"end":{"line":143,"column":6}},{"start":{"line":143,"column":6},"end":{"line":143,"column":6}}]},"6":{"line":145,"type":"if","locations":[{"start":{"line":145,"column":6},"end":{"line":145,"column":6}},{"start":{"line":145,"column":6},"end":{"line":145,"column":6}}]},"7":{"line":146,"type":"if","locations":[{"start":{"line":146,"column":6},"end":{"line":146,"column":6}},{"start":{"line":146,"column":6},"end":{"line":146,"column":6}}]},"8":{"line":164,"type":"if","locations":[{"start":{"line":164,"column":6},"end":{"line":164,"column":6}},{"start":{"line":164,"column":6},"end":{"line":164,"column":6}}]},"9":{"line":174,"type":"if","locations":[{"start":{"line":174,"column":55},"end":{"line":174,"column":55}},{"start":{"line":174,"column":55},"end":{"line":174,"column":55}}]},"10":{"line":187,"type":"if","locations":[{"start":{"line":187,"column":30},"end":{"line":187,"column":30}},{"start":{"line":187,"column":30},"end":{"line":187,"column":30}}]},"11":{"line":194,"type":"if","locations":[{"start":{"line":194,"column":32},"end":{"line":194,"column":32}},{"start":{"line":194,"column":32},"end":{"line":194,"column":32}}]},"12":{"line":198,"type":"if","locations":[{"start":{"line":198,"column":54},"end":{"line":198,"column":54}},{"start":{"line":198,"column":54},"end":{"line":198,"column":54}}]},"13":{"line":221,"type":"if","locations":[{"start":{"line":221,"column":8},"end":{"line":221,"column":8}},{"start":{"line":221,"column":8},"end":{"line":221,"column":8}}]},"14":{"line":259,"type":"if","locations":[{"start":{"line":259,"column":12},"end":{"line":259,"column":12}},{"start":{"line":259,"column":12},"end":{"line":259,"column":12}}]},"15":{"line":270,"type":"if","locations":[{"start":{"line":270,"column":8},"end":{"line":270,"column":8}},{"start":{"line":270,"column":8},"end":{"line":270,"column":8}}]}}},
"contracts\\ERC20Staking.sol":{"l":{"90":3,"94":3,"103":6,"107":5,"108":5,"113":5,"121":18,"122":17,"126":16,"127":16,"128":15,"129":15,"130":15,"132":1,"133":1,"134":1,"135":1,"141":3,"142":2,"146":1,"148":1,"149":1,"150":1,"156":5,"158":5,"159":3,"160":3,"161":3,"162":3,"169":3,"174":1,"175":1,"176":1,"177":1,"178":1,"185":2,"186":1,"188":1,"189":1,"192":1,"193":1,"194":1,"195":1,"205":10,"206":10,"209":10,"218":5,"219":3,"221":2,"234":19,"243":1,"248":2,"253":1,"258":1,"269":1,"280":1},"path":"C:\\Users\\Dori3n\\Desktop\\launchifi-hardhat-test\\contracts\\ERC20Staking.sol","s":{"1":3,"2":6,"3":5,"4":5,"5":18,"6":17,"7":16,"8":16,"9":1,"10":3,"11":2,"12":1,"13":5,"14":5,"15":3,"16":3,"17":1,"18":1,"19":2,"20":1,"21":1,"22":1,"23":1,"24":10,"25":5,"26":3,"27":2,"28":19,"29":1,"30":1},"b":{"1":[3,0],"2":[6,0],"3":[5,1],"4":[5,0],"5":[18,0],"6":[18,0],"7":[17,1],"8":[16,1],"9":[15,1],"10":[3,0],"11":[3,0],"12":[2,1],"13":[1,1],"14":[5,0],"15":[5,0],"16":[3,2],"17":[3,0],"18":[3,0],"19":[1,2],"20":[2,0],"21":[2,0],"22":[1,1],"23":[3,2],"24":[1,1],"25":[2,1],"26":[1,1],"27":[1,1],"28":[1,1],"29":[1,1]},"f":{"1":3,"2":6,"3":18,"4":3,"5":5,"6":3,"7":2,"8":10,"9":5,"10":19,"11":1,"12":2,"13":1,"14":1,"15":1,"16":1},"fnMap":{"1":{"name":"constructor","line":89,"loc":{"start":{"line":89,"column":5},"end":{"line":95,"column":4}}},"2":{"name":"fundingContract","line":102,"loc":{"start":{"line":102,"column":4},"end":{"line":114,"column":4}}},"3":{"name":"stake","line":120,"loc":{"start":{"line":120,"column":4},"end":{"line":137,"column":4}}},"4":{"name":"stakeRewards","line":140,"loc":{"start":{"line":140,"column":4},"end":{"line":151,"column":4}}},"5":{"name":"claimRewards","line":154,"loc":{"start":{"line":154,"column":4},"end":{"line":164,"column":4}}},"6":{"name":"unstakeCertainAmount","line":167,"loc":{"start":{"line":167,"column":4},"end":{"line":181,"column":4}}},"7":{"name":"unstakeAll","line":184,"loc":{"start":{"line":184,"column":4},"end":{"line":197,"column":4}}},"8":{"name":"getDepositInfo","line":200,"loc":{"start":{"line":200,"column":4},"end":{"line":210,"column":4}}},"9":{"name":"compoundRewardsTimer","line":213,"loc":{"start":{"line":213,"column":4},"end":{"line":225,"column":4}}},"10":{"name":"calculateRewards","line":229,"loc":{"start":{"line":229,"column":4},"end":{"line":236,"column":4}}},"11":{"name":"setRewards","line":242,"loc":{"start":{"line":242,"column":4},"end":{"line":244,"column":4}}},"12":{"name":"setMinStake","line":247,"loc":{"start":{"line":247,"column":4},"end":{"line":249,"column":4}}},"13":{"name":"setCompFreq","line":252,"loc":{"start":{"line":252,"column":4},"end":{"line":254,"column":4}}},"14":{"name":"setRewardQtyFaster","line":257,"loc":{"start":{"line":257,"column":4},"end":{"line":259,"column":4}}},"15":{"name":"pause","line":268,"loc":{"start":{"line":268,"column":4},"end":{"line":270,"column":4}}},"16":{"name":"unpause","line":279,"loc":{"start":{"line":279,"column":4},"end":{"line":281,"column":4}}}},"statementMap":{"1":{"start":{"line":90,"column":8},"end":{"line":90,"column":3331}},"2":{"start":{"line":103,"column":8},"end":{"line":103,"column":76}},"3":{"start":{"line":108,"column":8},"end":{"line":108,"column":3942}},"4":{"start":{"line":113,"column":8},"end":{"line":113,"column":65}},"5":{"start":{"line":121,"column":8},"end":{"line":121,"column":76}},"6":{"start":{"line":122,"column":8},"end":{"line":122,"column":4603}},"7":{"start":{"line":126,"column":8},"end":{"line":126,"column":68}},"8":{"start":{"line":127,"column":8},"end":{"line":127,"column":4809}},"9":{"start":{"line":132,"column":12},"end":{"line":132,"column":58}},"10":{"start":{"line":141,"column":8},"end":{"line":141,"column":72}},"11":{"start":{"line":142,"column":8},"end":{"line":142,"column":5546}},"12":{"start":{"line":146,"column":8},"end":{"line":146,"column":5718}},"13":{"start":{"line":156,"column":8},"end":{"line":156,"column":6116}},"14":{"start":{"line":158,"column":8},"end":{"line":158,"column":50}},"15":{"start":{"line":161,"column":8},"end":{"line":161,"column":48}},"16":{"start":{"line":169,"column":8},"end":{"line":169,"column":6712}},"17":{"start":{"line":174,"column":8},"end":{"line":174,"column":55}},"18":{"start":{"line":178,"column":8},"end":{"line":178,"column":48}},"19":{"start":{"line":185,"column":8},"end":{"line":185,"column":72}},"20":{"start":{"line":186,"column":8},"end":{"line":186,"column":7430}},"21":{"start":{"line":188,"column":8},"end":{"line":188,"column":56}},"22":{"start":{"line":189,"column":8},"end":{"line":189,"column":45}},"23":{"start":{"line":194,"column":8},"end":{"line":194,"column":48}},"24":{"start":{"line":209,"column":8},"end":{"line":209,"column":33}},"25":{"start":{"line":218,"column":8},"end":{"line":218,"column":8578}},"26":{"start":{"line":219,"column":12},"end":{"line":219,"column":20}},"27":{"start":{"line":221,"column":12},"end":{"line":221,"column":8728}},"28":{"start":{"line":234,"column":8},"end":{"line":234,"column":9159}},"29":{"start":{"line":269,"column":8},"end":{"line":269,"column":15}},"30":{"start":{"line":280,"column":8},"end":{"line":280,"column":17}}},"branchMap":{"1":{"line":90,"type":"if","locations":[{"start":{"line":90,"column":8},"end":{"line":90,"column":8}},{"start":{"line":90,"column":8},"end":{"line":90,"column":8}}]},"2":{"line":102,"type":"if","locations":[{"start":{"line":102,"column":55},"end":{"line":102,"column":55}},{"start":{"line":102,"column":55},"end":{"line":102,"column":55}}]},"3":{"line":103,"type":"if","locations":[{"start":{"line":103,"column":8},"end":{"line":103,"column":8}},{"start":{"line":103,"column":8},"end":{"line":103,"column":8}}]},"4":{"line":108,"type":"if","locations":[{"start":{"line":108,"column":8},"end":{"line":108,"column":8}},{"start":{"line":108,"column":8},"end":{"line":108,"column":8}}]},"5":{"line":120,"type":"if","locations":[{"start":{"line":120,"column":45},"end":{"line":120,"column":45}},{"start":{"line":120,"column":45},"end":{"line":120,"column":45}}]},"6":{"line":120,"type":"if","locations":[{"start":{"line":120,"column":58},"end":{"line":120,"column":58}},{"start":{"line":120,"column":58},"end":{"line":120,"column":58}}]},"7":{"line":121,"type":"if","locations":[{"start":{"line":121,"column":8},"end":{"line":121,"column":8}},{"start":{"line":121,"column":8},"end":{"line":121,"column":8}}]},"8":{"line":122,"type":"if","locations":[{"start":{"line":122,"column":8},"end":{"line":122,"column":8}},{"start":{"line":122,"column":8},"end":{"line":122,"column":8}}]},"9":{"line":127,"type":"if","locations":[{"start":{"line":127,"column":8},"end":{"line":127,"column":8}},{"start":{"line":127,"column":8},"end":{"line":127,"column":8}}]},"10":{"line":140,"type":"if","locations":[{"start":{"line":140,"column":37},"end":{"line":140,"column":37}},{"start":{"line":140,"column":37},"end":{"line":140,"column":37}}]},"11":{"line":140,"type":"if","locations":[{"start":{"line":140,"column":51},"end":{"line":140,"column":51}},{"start":{"line":140,"column":51},"end":{"line":140,"column":51}}]},"12":{"line":141,"type":"if","locations":[{"start":{"line":141,"column":8},"end":{"line":141,"column":8}},{"start":{"line":141,"column":8},"end":{"line":141,"column":8}}]},"13":{"line":142,"type":"if","locations":[{"start":{"line":142,"column":8},"end":{"line":142,"column":8}},{"start":{"line":142,"column":8},"end":{"line":142,"column":8}}]},"14":{"line":154,"type":"if","locations":[{"start":{"line":154,"column":37},"end":{"line":154,"column":37}},{"start":{"line":154,"column":37},"end":{"line":154,"column":37}}]},"15":{"line":154,"type":"if","locations":[{"start":{"line":154,"column":51},"end":{"line":154,"column":51}},{"start":{"line":154,"column":51},"end":{"line":154,"column":51}}]},"16":{"line":158,"type":"if","locations":[{"start":{"line":158,"column":8},"end":{"line":158,"column":8}},{"start":{"line":158,"column":8},"end":{"line":158,"column":8}}]},"17":{"line":167,"type":"if","locations":[{"start":{"line":167,"column":60},"end":{"line":167,"column":60}},{"start":{"line":167,"column":60},"end":{"line":167,"column":60}}]},"18":{"line":167,"type":"if","locations":[{"start":{"line":167,"column":74},"end":{"line":167,"column":74}},{"start":{"line":167,"column":74},"end":{"line":167,"column":74}}]},"19":{"line":169,"type":"if","locations":[{"start":{"line":169,"column":8},"end":{"line":169,"column":8}},{"start":{"line":169,"column":8},"end":{"line":169,"column":8}}]},"20":{"line":184,"type":"if","locations":[{"start":{"line":184,"column":35},"end":{"line":184,"column":35}},{"start":{"line":184,"column":35},"end":{"line":184,"column":35}}]},"21":{"line":184,"type":"if","locations":[{"start":{"line":184,"column":49},"end":{"line":184,"column":49}},{"start":{"line":184,"column":49},"end":{"line":184,"column":49}}]},"22":{"line":185,"type":"if","locations":[{"start":{"line":185,"column":8},"end":{"line":185,"column":8}},{"start":{"line":185,"column":8},"end":{"line":185,"column":8}}]},"23":{"line":218,"type":"if","locations":[{"start":{"line":218,"column":8},"end":{"line":218,"column":8}},{"start":{"line":218,"column":8},"end":{"line":218,"column":8}}]},"24":{"line":242,"type":"if","locations":[{"start":{"line":242,"column":56},"end":{"line":242,"column":56}},{"start":{"line":242,"column":56},"end":{"line":242,"column":56}}]},"25":{"line":247,"type":"if","locations":[{"start":{"line":247,"column":51},"end":{"line":247,"column":51}},{"start":{"line":247,"column":51},"end":{"line":247,"column":51}}]},"26":{"line":252,"type":"if","locations":[{"start":{"line":252,"column":55},"end":{"line":252,"column":55}},{"start":{"line":252,"column":55},"end":{"line":252,"column":55}}]},"27":{"line":257,"type":"if","locations":[{"start":{"line":257,"column":68},"end":{"line":257,"column":68}},{"start":{"line":257,"column":68},"end":{"line":257,"column":68}}]},"28":{"line":268,"type":"if","locations":[{"start":{"line":268,"column":28},"end":{"line":268,"column":28}},{"start":{"line":268,"column":28},"end":{"line":268,"column":28}}]},"29":{"line":279,"type":"if","locations":[{"start":{"line":279,"column":30},"end":{"line":279,"column":30}},{"start":{"line":279,"column":30},"end":{"line":279,"column":30}}]}}},
"contracts\\ERC721i.sol":{"l":{"72":3,"73":3,"74":3,"75":3,"76":3,"77":3,"80":3,"87":16,"88":15,"89":15,"93":12,"94":12,"95":11,"96":10,"97":9,"98":8,"99":7,"109":7,"110":7,"111":23,"112":23,"113":7,"114":7,"121":4,"122":4,"129":3,"131":2,"132":1,"134":1,"135":1,"143":1,"148":1,"154":2,"162":2,"166":3,"173":4,"179":3,"184":5,"190":18,"202":3,"210":1,"219":4,"220":3,"221":2,"222":2,"223":4,"224":12,"225":12,"227":4,"241":15,"243":15,"244":43,"248":43,"254":43,"257":43,"259":43,"260":43,"262":43,"264":43,"268":15,"269":15,"276":1,"277":1},"path":"C:\\Users\\Dori3n\\Desktop\\launchifi-hardhat-test\\contracts\\ERC721i.sol","s":{"1":3,"2":16,"3":15,"4":12,"5":12,"6":11,"7":10,"8":9,"9":8,"10":7,"11":7,"12":23,"13":7,"14":4,"15":3,"16":2,"17":1,"18":1,"19":1,"20":1,"21":18,"22":4,"23":3,"24":2,"25":2,"26":4,"27":12,"28":4,"29":15,"30":15,"31":43,"32":43,"33":43,"34":43,"35":43,"36":43,"37":1,"38":1},"b":{"1":[16,1],"2":[1,15],"3":[0,12],"4":[1,11],"5":[0,1],"6":[1,10],"7":[1,9],"8":[1,8],"9":[1,7],"10":[12,0],"11":[7,5],"12":[4,1],"13":[1,2],"14":[1,1],"15":[1,0],"16":[1,0],"17":[2,0],"18":[2,1],"19":[3,1],"20":[4,1],"21":[3,1],"22":[5,1],"23":[4,0],"24":[1,3],"25":[1,2],"26":[0,43],"27":[0,0],"28":[0,0],"29":[1,1],"30":[1,0],"31":[1,0]},"f":{"1":3,"2":16,"3":12,"4":7,"5":4,"6":3,"7":1,"8":1,"9":2,"10":2,"11":3,"12":4,"13":3,"14":5,"15":18,"16":3,"17":1,"18":4,"19":15,"20":1},"fnMap":{"1":{"name":"constructor","line":71,"loc":{"start":{"line":65,"column":4},"end":{"line":81,"column":6}}},"2":{"name":"preMint","line":86,"loc":{"start":{"line":86,"column":2},"end":{"line":90,"column":2}}},"3":{"name":"mintCompliance","line":92,"loc":{"start":{"line":92,"column":4},"end":{"line":100,"column":8}}},"4":{"name":"mint","line":108,"loc":{"start":{"line":108,"column":2},"end":{"line":116,"column":2}}},"5":{"name":"setCostPrice","line":120,"loc":{"start":{"line":120,"column":2},"end":{"line":123,"column":2}}},"6":{"name":"tokenURI","line":128,"loc":{"start":{"line":128,"column":2},"end":{"line":138,"column":8}}},"7":{"name":"_baseURI","line":142,"loc":{"start":{"line":142,"column":2},"end":{"line":144,"column":2}}},"8":{"name":"setExtensionURL","line":147,"loc":{"start":{"line":147,"column":2},"end":{"line":149,"column":2}}},"9":{"name":"setHiddenURL","line":153,"loc":{"start":{"line":153,"column":12},"end":{"line":155,"column":8}}},"10":{"name":"setbaseURL","line":161,"loc":{"start":{"line":161,"column":2},"end":{"line":163,"column":2}}},"11":{"name":"setRevealed","line":165,"loc":{"start":{"line":165,"column":0},"end":{"line":167,"column":2}}},"12":{"name":"setMaxMintAmountPerTx","line":172,"loc":{"start":{"line":172,"column":2},"end":{"line":174,"column":2}}},"13":{"name":"setMaxMintAmountPerWallet","line":178,"loc":{"start":{"line":178,"column":2},"end":{"line":180,"column":2}}},"14":{"name":"pause","line":183,"loc":{"start":{"line":183,"column":4},"end":{"line":185,"column":4}}},"15":{"name":"currentSupply","line":189,"loc":{"start":{"line":189,"column":4},"end":{"line":191,"column":4}}},"16":{"name":"batchTransfer","line":198,"loc":{"start":{"line":198,"column":2},"end":{"line":203,"column":2}}},"17":{"name":"batchTransferFrom","line":205,"loc":{"start":{"line":205,"column":2},"end":{"line":211,"column":2}}},"18":{"name":"airdrop","line":218,"loc":{"start":{"line":218,"column":2},"end":{"line":229,"column":3}}},"19":{"name":"_batchTransfer","line":232,"loc":{"start":{"line":232,"column":2},"end":{"line":270,"column":2}}},"20":{"name":"withdraw","line":275,"loc":{"start":{"line":275,"column":8},"end":{"line":278,"column":8}}}},"statementMap":{"1":{"start":{"line":80,"column":4},"end":{"line":80,"column":56}},"2":{"start":{"line":87,"column":4},"end":{"line":87,"column":43}},"3":{"start":{"line":89,"column":4},"end":{"line":89,"column":13}},"4":{"start":{"line":93,"column":12},"end":{"line":93,"column":65}},"5":{"start":{"line":94,"column":12},"end":{"line":94,"column":95}},"6":{"start":{"line":95,"column":12},"end":{"line":95,"column":79}},"7":{"start":{"line":96,"column":12},"end":{"line":96,"column":74}},"8":{"start":{"line":97,"column":12},"end":{"line":97,"column":46}},"9":{"start":{"line":98,"column":12},"end":{"line":98,"column":107}},"10":{"start":{"line":109,"column":4},"end":{"line":109,"column":58}},"11":{"start":{"line":110,"column":4},"end":{"line":110,"column":3943}},"12":{"start":{"line":111,"column":6},"end":{"line":111,"column":32}},"13":{"start":{"line":114,"column":4},"end":{"line":114,"column":77}},"14":{"start":{"line":122,"column":4},"end":{"line":122,"column":27}},"15":{"start":{"line":129,"column":4},"end":{"line":129,"column":52}},"16":{"start":{"line":131,"column":6},"end":{"line":131,"column":4670}},"17":{"start":{"line":132,"column":10},"end":{"line":132,"column":26}},"18":{"start":{"line":134,"column":10},"end":{"line":134,"column":51}},"19":{"start":{"line":135,"column":10},"end":{"line":135,"column":4813}},"20":{"start":{"line":143,"column":4},"end":{"line":143,"column":18}},"21":{"start":{"line":190,"column":6},"end":{"line":190,"column":38}},"22":{"start":{"line":219,"column":6},"end":{"line":219,"column":93}},"23":{"start":{"line":220,"column":6},"end":{"line":220,"column":40}},"24":{"start":{"line":221,"column":8},"end":{"line":221,"column":62}},"25":{"start":{"line":222,"column":6},"end":{"line":222,"column":7352}},"26":{"start":{"line":223,"column":8},"end":{"line":223,"column":7405}},"27":{"start":{"line":224,"column":10},"end":{"line":224,"column":36}},"28":{"start":{"line":227,"column":6},"end":{"line":227,"column":53}},"29":{"start":{"line":241,"column":4},"end":{"line":241,"column":35}},"30":{"start":{"line":243,"column":4},"end":{"line":243,"column":7837}},"31":{"start":{"line":244,"column":6},"end":{"line":244,"column":35}},"32":{"start":{"line":248,"column":6},"end":{"line":248,"column":8114}},"33":{"start":{"line":254,"column":6},"end":{"line":254,"column":44}},"34":{"start":{"line":257,"column":6},"end":{"line":257,"column":34}},"35":{"start":{"line":262,"column":6},"end":{"line":262,"column":38}},"36":{"start":{"line":264,"column":6},"end":{"line":264,"column":43}},"37":{"start":{"line":276,"column":12},"end":{"line":276,"column":84}},"38":{"start":{"line":277,"column":12},"end":{"line":277,"column":25}}},"branchMap":{"1":{"line":86,"type":"if","locations":[{"start":{"line":86,"column":30},"end":{"line":86,"column":30}},{"start":{"line":86,"column":30},"end":{"line":86,"column":30}}]},"2":{"line":87,"type":"if","locations":[{"start":{"line":87,"column":4},"end":{"line":87,"column":4}},{"start":{"line":87,"column":4},"end":{"line":87,"column":4}}]},"3":{"line":93,"type":"if","locations":[{"start":{"line":93,"column":12},"end":{"line":93,"column":12}},{"start":{"line":93,"column":12},"end":{"line":93,"column":12}}]},"4":{"line":94,"type":"if","locations":[{"start":{"line":94,"column":12},"end":{"line":94,"column":12}},{"start":{"line":94,"column":12},"end":{"line":94,"column":12}}]},"5":{"line":94,"type":"cond-expr","locations":[{"start":{"line":94,"column":16},"end":{"line":94,"column":30}},{"start":{"line":94,"column":35},"end":{"line":94,"column":66}}]},"6":{"line":95,"type":"if","locations":[{"start":{"line":95,"column":12},"end":{"line":95,"column":12}},{"start":{"line":95,"column":12},"end":{"line":95,"column":12}}]},"7":{"line":96,"type":"if","locations":[{"start":{"line":96,"column":12},"end":{"line":96,"column":12}},{"start":{"line":96,"column":12},"end":{"line":96,"column":12}}]},"8":{"line":97,"type":"if","locations":[{"start":{"line":97,"column":12},"end":{"line":97,"column":12}},{"start":{"line":97,"column":12},"end":{"line":97,"column":12}}]},"9":{"line":98,"type":"if","locations":[{"start":{"line":98,"column":12},"end":{"line":98,"column":12}},{"start":{"line":98,"column":12},"end":{"line":98,"column":12}}]},"10":{"line":108,"type":"if","locations":[{"start":{"line":108,"column":62},"end":{"line":108,"column":62}},{"start":{"line":108,"column":62},"end":{"line":108,"column":62}}]},"11":{"line":108,"type":"if","locations":[{"start":{"line":108,"column":75},"end":{"line":108,"column":75}},{"start":{"line":108,"column":75},"end":{"line":108,"column":75}}]},"12":{"line":120,"type":"if","locations":[{"start":{"line":120,"column":46},"end":{"line":120,"column":46}},{"start":{"line":120,"column":46},"end":{"line":120,"column":46}}]},"13":{"line":129,"type":"if","locations":[{"start":{"line":129,"column":4},"end":{"line":129,"column":4}},{"start":{"line":129,"column":4},"end":{"line":129,"column":4}}]},"14":{"line":131,"type":"if","locations":[{"start":{"line":131,"column":6},"end":{"line":131,"column":6}},{"start":{"line":131,"column":6},"end":{"line":131,"column":6}}]},"15":{"line":136,"type":"if","locations":[{"start":{"line":136,"column":14},"end":{"line":136,"column":87}},{"start":{"line":137,"column":16},"end":{"line":137,"column":17}}]},"16":{"line":147,"type":"if","locations":[{"start":{"line":147,"column":53},"end":{"line":147,"column":53}},{"start":{"line":147,"column":53},"end":{"line":147,"column":53}}]},"17":{"line":153,"type":"if","locations":[{"start":{"line":153,"column":60},"end":{"line":153,"column":60}},{"start":{"line":153,"column":60},"end":{"line":153,"column":60}}]},"18":{"line":161,"type":"if","locations":[{"start":{"line":161,"column":48},"end":{"line":161,"column":48}},{"start":{"line":161,"column":48},"end":{"line":161,"column":48}}]},"19":{"line":165,"type":"if","locations":[{"start":{"line":165,"column":30},"end":{"line":165,"column":30}},{"start":{"line":165,"column":30},"end":{"line":165,"column":30}}]},"20":{"line":172,"type":"if","locations":[{"start":{"line":172,"column":55},"end":{"line":172,"column":55}},{"start":{"line":172,"column":55},"end":{"line":172,"column":55}}]},"21":{"line":178,"type":"if","locations":[{"start":{"line":178,"column":63},"end":{"line":178,"column":63}},{"start":{"line":178,"column":63},"end":{"line":178,"column":63}}]},"22":{"line":183,"type":"if","locations":[{"start":{"line":183,"column":28},"end":{"line":183,"column":28}},{"start":{"line":183,"column":28},"end":{"line":183,"column":28}}]},"23":{"line":218,"type":"if","locations":[{"start":{"line":218,"column":73},"end":{"line":218,"column":73}},{"start":{"line":218,"column":73},"end":{"line":218,"column":73}}]},"24":{"line":219,"type":"if","locations":[{"start":{"line":219,"column":6},"end":{"line":219,"column":6}},{"start":{"line":219,"column":6},"end":{"line":219,"column":6}}]},"25":{"line":220,"type":"if","locations":[{"start":{"line":220,"column":6},"end":{"line":220,"column":6}},{"start":{"line":220,"column":6},"end":{"line":220,"column":6}}]},"26":{"line":248,"type":"if","locations":[{"start":{"line":248,"column":6},"end":{"line":248,"column":6}},{"start":{"line":248,"column":6},"end":{"line":248,"column":6}}]},"27":{"line":249,"type":"cond-expr","locations":[{"start":{"line":249,"column":8},"end":{"line":249,"column":33}},{"start":{"line":250,"column":8},"end":{"line":250,"column":43}}]},"28":{"line":249,"type":"cond-expr","locations":[{"start":{"line":249,"column":8},"end":{"line":250,"column":43}},{"start":{"line":251,"column":8},"end":{"line":251,"column":25}}]},"29":{"line":275,"type":"if","locations":[{"start":{"line":275,"column":35},"end":{"line":275,"column":35}},{"start":{"line":275,"column":35},"end":{"line":275,"column":35}}]},"30":{"line":275,"type":"if","locations":[{"start":{"line":275,"column":45},"end":{"line":275,"column":45}},{"start":{"line":275,"column":45},"end":{"line":275,"column":45}}]},"31":{"line":277,"type":"if","locations":[{"start":{"line":277,"column":12},"end":{"line":277,"column":12}},{"start":{"line":277,"column":12},"end":{"line":277,"column":12}}]}}},
"contracts\\ERC721Staking.sol":{"l":{"86":3,"87":3,"88":3,"99":10,"101":10,"102":0,"104":10,"105":10,"106":10,"109":10,"110":10,"111":16,"113":16,"115":15,"116":15,"117":15,"120":9,"128":6,"129":6,"130":4,"132":4,"133":4,"134":5,"136":3,"137":3,"138":3,"139":1,"140":1,"142":3,"144":3,"146":3,"149":2,"150":2,"151":2,"152":2,"153":0,"154":0,"156":2,"158":2,"166":3,"168":3,"171":2,"172":2,"173":2,"174":1,"182":1,"184":1,"185":1,"186":0,"189":1,"201":2,"205":2,"207":2,"208":1,"211":1,"222":8,"223":8,"234":4,"236":4,"237":4,"244":1,"251":1,"255":1,"257":1},"path":"C:\\Users\\Dori3n\\Desktop\\launchifi-hardhat-test\\contracts\\ERC721Staking.sol","s":{"1":10,"2":10,"3":0,"4":10,"5":10,"6":10,"7":16,"8":16,"9":15,"10":9,"11":6,"12":6,"13":4,"14":4,"15":4,"16":5,"17":3,"18":3,"19":3,"20":3,"21":3,"22":2,"23":2,"24":2,"25":2,"26":2,"27":2,"28":3,"29":3,"30":2,"31":1,"32":1,"33":1,"34":1,"35":0,"36":2,"37":2,"38":2,"39":1,"40":8,"41":8,"42":4,"43":1,"44":1,"45":1},"b":{"1":[10,0],"2":[0,10],"3":[16,0],"4":[6,0],"5":[4,2],"6":[3,2],"7":[1,2],"8":[2,0],"9":[0,2],"10":[2,1],"11":[1,1],"12":[1,1],"13":[1,1],"14":[1,1],"15":[1,1]},"f":{"1":3,"2":10,"3":6,"4":3,"5":1,"6":2,"7":2,"8":8,"9":4,"10":1,"11":1,"12":1},"fnMap":{"1":{"name":"constructor","line":80,"loc":{"start":{"line":80,"column":6},"end":{"line":91,"column":6}}},"2":{"name":"stake","line":98,"loc":{"start":{"line":98,"column":6},"end":{"line":121,"column":6}}},"3":{"name":"withdraw","line":127,"loc":{"start":{"line":127,"column":4},"end":{"line":160,"column":6}}},"4":{"name":"claimRewards","line":165,"loc":{"start":{"line":165,"column":6},"end":{"line":176,"column":6}}},"5":{"name":"setRewardsPerHour","line":181,"loc":{"start":{"line":181,"column":4},"end":{"line":190,"column":4}}},"6":{"name":"userStakeInfo","line":196,"loc":{"start":{"line":196,"column":3},"end":{"line":202,"column":4}}},"7":{"name":"availableRewards","line":204,"loc":{"start":{"line":204,"column":5},"end":{"line":212,"column":4}}},"8":{"name":"calculateRewards","line":221,"loc":{"start":{"line":221,"column":6},"end":{"line":227,"column":4}}},"9":{"name":"updateRewards","line":233,"loc":{"start":{"line":233,"column":4},"end":{"line":238,"column":4}}},"10":{"name":"pause","line":243,"loc":{"start":{"line":243,"column":4},"end":{"line":245,"column":4}}},"11":{"name":"unpause","line":250,"loc":{"start":{"line":250,"column":4},"end":{"line":252,"column":4}}},"12":{"name":"setStakingTime","line":254,"loc":{"start":{"line":254,"column":7},"end":{"line":258,"column":4}}}},"statementMap":{"1":{"start":{"line":99,"column":8},"end":{"line":99,"column":51}},"2":{"start":{"line":101,"column":8},"end":{"line":101,"column":3874}},"3":{"start":{"line":102,"column":12},"end":{"line":102,"column":36}},"4":{"start":{"line":104,"column":12},"end":{"line":104,"column":40}},"5":{"start":{"line":109,"column":8},"end":{"line":109,"column":38}},"6":{"start":{"line":110,"column":8},"end":{"line":110,"column":4206}},"7":{"start":{"line":111,"column":12},"end":{"line":111,"column":106}},"8":{"start":{"line":113,"column":12},"end":{"line":113,"column":78}},"9":{"start":{"line":115,"column":12},"end":{"line":115,"column":51}},"10":{"start":{"line":120,"column":11},"end":{"line":120,"column":65}},"11":{"start":{"line":128,"column":8},"end":{"line":128,"column":51}},"12":{"start":{"line":129,"column":8},"end":{"line":129,"column":77}},"13":{"start":{"line":130,"column":8},"end":{"line":130,"column":32}},"14":{"start":{"line":132,"column":8},"end":{"line":132,"column":48}},"15":{"start":{"line":133,"column":8},"end":{"line":133,"column":5169}},"16":{"start":{"line":134,"column":12},"end":{"line":134,"column":61}},"17":{"start":{"line":136,"column":12},"end":{"line":136,"column":61}},"18":{"start":{"line":137,"column":12},"end":{"line":137,"column":69}},"19":{"start":{"line":138,"column":12},"end":{"line":138,"column":5431}},"20":{"start":{"line":142,"column":12},"end":{"line":142,"column":38}},"21":{"start":{"line":146,"column":12},"end":{"line":146,"column":78}},"22":{"start":{"line":149,"column":8},"end":{"line":149,"column":5835}},"23":{"start":{"line":150,"column":12},"end":{"line":150,"column":58}},"24":{"start":{"line":151,"column":12},"end":{"line":151,"column":61}},"25":{"start":{"line":152,"column":12},"end":{"line":152,"column":6018}},"26":{"start":{"line":156,"column":12},"end":{"line":156,"column":29}},"27":{"start":{"line":158,"column":11},"end":{"line":158,"column":68}},"28":{"start":{"line":166,"column":10},"end":{"line":166,"column":6604}},"29":{"start":{"line":168,"column":10},"end":{"line":168,"column":61}},"30":{"start":{"line":173,"column":10},"end":{"line":173,"column":55}},"31":{"start":{"line":174,"column":10},"end":{"line":174,"column":66}},"32":{"start":{"line":182,"column":8},"end":{"line":182,"column":48}},"33":{"start":{"line":184,"column":8},"end":{"line":184,"column":37}},"34":{"start":{"line":185,"column":8},"end":{"line":185,"column":7426}},"35":{"start":{"line":186,"column":12},"end":{"line":186,"column":37}},"36":{"start":{"line":201,"column":8},"end":{"line":201,"column":71}},"37":{"start":{"line":205,"column":8},"end":{"line":205,"column":45}},"38":{"start":{"line":207,"column":8},"end":{"line":207,"column":8010}},"39":{"start":{"line":208,"column":12},"end":{"line":208,"column":42}},"40":{"start":{"line":222,"column":8},"end":{"line":222,"column":47}},"41":{"start":{"line":223,"column":8},"end":{"line":223,"column":8598}},"42":{"start":{"line":234,"column":8},"end":{"line":234,"column":48}},"43":{"start":{"line":244,"column":8},"end":{"line":244,"column":15}},"44":{"start":{"line":251,"column":8},"end":{"line":251,"column":17}},"45":{"start":{"line":257,"column":6},"end":{"line":257,"column":62}}},"branchMap":{"1":{"line":98,"type":"if","locations":[{"start":{"line":98,"column":60},"end":{"line":98,"column":60}},{"start":{"line":98,"column":60},"end":{"line":98,"column":60}}]},"2":{"line":101,"type":"if","locations":[{"start":{"line":101,"column":8},"end":{"line":101,"column":8}},{"start":{"line":101,"column":8},"end":{"line":101,"column":8}}]},"3":{"line":111,"type":"if","locations":[{"start":{"line":111,"column":12},"end":{"line":111,"column":12}},{"start":{"line":111,"column":12},"end":{"line":111,"column":12}}]},"4":{"line":127,"type":"if","locations":[{"start":{"line":127,"column":61},"end":{"line":127,"column":61}},{"start":{"line":127,"column":61},"end":{"line":127,"column":61}}]},"5":{"line":129,"type":"if","locations":[{"start":{"line":129,"column":8},"end":{"line":129,"column":8}},{"start":{"line":129,"column":8},"end":{"line":129,"column":8}}]},"6":{"line":134,"type":"if","locations":[{"start":{"line":134,"column":12},"end":{"line":134,"column":12}},{"start":{"line":134,"column":12},"end":{"line":134,"column":12}}]},"7":{"line":138,"type":"if","locations":[{"start":{"line":138,"column":12},"end":{"line":138,"column":12}},{"start":{"line":138,"column":12},"end":{"line":138,"column":12}}]},"8":{"line":149,"type":"if","locations":[{"start":{"line":149,"column":8},"end":{"line":149,"column":8}},{"start":{"line":149,"column":8},"end":{"line":149,"column":8}}]},"9":{"line":152,"type":"if","locations":[{"start":{"line":152,"column":12},"end":{"line":152,"column":12}},{"start":{"line":152,"column":12},"end":{"line":152,"column":12}}]},"10":{"line":168,"type":"if","locations":[{"start":{"line":168,"column":10},"end":{"line":168,"column":10}},{"start":{"line":168,"column":10},"end":{"line":168,"column":10}}]},"11":{"line":181,"type":"if","locations":[{"start":{"line":181,"column":57},"end":{"line":181,"column":57}},{"start":{"line":181,"column":57},"end":{"line":181,"column":57}}]},"12":{"line":207,"type":"if","locations":[{"start":{"line":207,"column":8},"end":{"line":207,"column":8}},{"start":{"line":207,"column":8},"end":{"line":207,"column":8}}]},"13":{"line":243,"type":"if","locations":[{"start":{"line":243,"column":30},"end":{"line":243,"column":30}},{"start":{"line":243,"column":30},"end":{"line":243,"column":30}}]},"14":{"line":250,"type":"if","locations":[{"start":{"line":250,"column":32},"end":{"line":250,"column":32}},{"start":{"line":250,"column":32},"end":{"line":250,"column":32}}]},"15":{"line":254,"type":"if","locations":[{"start":{"line":254,"column":57},"end":{"line":254,"column":57}},{"start":{"line":254,"column":57},"end":{"line":254,"column":57}}]}}},
"contracts\\mocks\\MockERC1555.sol":{"l":{"12":0,"19":6,"26":0},"path":"C:\\Users\\Dori3n\\Desktop\\launchifi-hardhat-test\\contracts\\mocks\\MockERC1555.sol","s":{"1":0,"2":6,"3":0},"b":{"1":[0,0]},"f":{"1":3,"2":0,"3":6,"4":0},"fnMap":{"1":{"name":"constructor","line":9,"loc":{"start":{"line":9,"column":4},"end":{"line":9,"column":31}}},"2":{"name":"setURI","line":11,"loc":{"start":{"line":11,"column":4},"end":{"line":13,"column":4}}},"3":{"name":"mint","line":15,"loc":{"start":{"line":15,"column":4},"end":{"line":20,"column":4}}},"4":{"name":"mintBatch","line":22,"loc":{"start":{"line":22,"column":4},"end":{"line":27,"column":4}}}},"statementMap":{"1":{"start":{"line":12,"column":8},"end":{"line":12,"column":22}},"2":{"start":{"line":19,"column":8},"end":{"line":19,"column":37}},"3":{"start":{"line":26,"column":8},"end":{"line":26,"column":41}}},"branchMap":{"1":{"line":11,"type":"if","locations":[{"start":{"line":11,"column":49},"end":{"line":11,"column":49}},{"start":{"line":11,"column":49},"end":{"line":11,"column":49}}]}}},
"contracts\\mocks\\MockERC20.sol":{"l":{"10":11},"path":"C:\\Users\\Dori3n\\Desktop\\launchifi-hardhat-test\\contracts\\mocks\\MockERC20.sol","s":{"1":11},"b":{},"f":{"1":9,"2":11},"fnMap":{"1":{"name":"constructor","line":7,"loc":{"start":{"line":7,"column":4},"end":{"line":7,"column":52}}},"2":{"name":"mint","line":9,"loc":{"start":{"line":9,"column":4},"end":{"line":11,"column":4}}}},"statementMap":{"1":{"start":{"line":10,"column":8},"end":{"line":10,"column":37}}},"branchMap":{}},
"contracts\\mocks\\MockERC721.sol":{"l":{"15":22,"16":22,"17":22},"path":"C:\\Users\\Dori3n\\Desktop\\launchifi-hardhat-test\\contracts\\mocks\\MockERC721.sol","s":{"1":22,"2":22,"3":22},"b":{},"f":{"1":9,"2":22},"fnMap":{"1":{"name":"constructor","line":12,"loc":{"start":{"line":12,"column":4},"end":{"line":12,"column":55}}},"2":{"name":"safeMint","line":14,"loc":{"start":{"line":14,"column":4},"end":{"line":18,"column":4}}}},"statementMap":{"1":{"start":{"line":15,"column":8},"end":{"line":15,"column":42}},"2":{"start":{"line":16,"column":8},"end":{"line":16,"column":25}},"3":{"start":{"line":17,"column":8},"end":{"line":17,"column":29}}},"branchMap":{}},
"contracts\\SampleERC1155.sol":{"l":{"35":3,"36":3,"38":3,"46":1,"50":1,"56":3,"61":9,"62":9,"63":8,"68":8,"69":7,"76":7,"77":6,"78":6,"82":1,"85":1,"93":1,"97":1,"102":2,"108":2,"109":1,"117":11,"121":2,"122":1,"123":1},"path":"C:\\Users\\Dori3n\\Desktop\\launchifi-hardhat-test\\contracts\\SampleERC1155.sol","s":{"1":3,"2":1,"3":1,"4":9,"5":9,"6":8,"7":7,"8":6,"9":6,"10":1,"11":1,"12":2,"13":1,"14":11,"15":2,"16":1,"17":1},"b":{"1":[1,1],"2":[1,1],"3":[3,1],"4":[9,0],"5":[8,1],"6":[7,1],"7":[8,1],"8":[7,1],"9":[6,1],"10":[6,0],"11":[1,1],"12":[1,1],"13":[1,1],"14":[2,1],"15":[2,1],"16":[1,1],"17":[11,0],"18":[2,1],"19":[1,1],"20":[1,0]},"f":{"1":3,"2":1,"3":1,"4":3,"5":9,"6":8,"7":7,"8":1,"9":1,"10":1,"11":2,"12":2,"13":11,"14":2},"fnMap":{"1":{"name":"constructor","line":34,"loc":{"start":{"line":34,"column":4},"end":{"line":40,"column":4}}},"2":{"name":"pause","line":45,"loc":{"start":{"line":45,"column":4},"end":{"line":47,"column":4}}},"3":{"name":"unpause","line":49,"loc":{"start":{"line":49,"column":4},"end":{"line":51,"column":4}}},"4":{"name":"reveal","line":55,"loc":{"start":{"line":55,"column":4},"end":{"line":57,"column":4}}},"5":{"name":"limitPerWallet","line":60,"loc":{"start":{"line":60,"column":4},"end":{"line":64,"column":4}}},"6":{"name":"limitPerTrx","line":67,"loc":{"start":{"line":67,"column":4},"end":{"line":70,"column":4}}},"7":{"name":"mint","line":74,"loc":{"start":{"line":73,"column":4},"end":{"line":79,"column":4}}},"8":{"name":"burnForMint","line":81,"loc":{"start":{"line":81,"column":3},"end":{"line":86,"column":4}}},"9":{"name":"setMaxMintAmountPerWallet","line":92,"loc":{"start":{"line":92,"column":5},"end":{"line":94,"column":8}}},"10":{"name":"setMaxMintAmountPerTx","line":96,"loc":{"start":{"line":96,"column":8},"end":{"line":98,"column":8}}},"11":{"name":"setCostPrice","line":101,"loc":{"start":{"line":101,"column":8},"end":{"line":103,"column":8}}},"12":{"name":"setURI","line":107,"loc":{"start":{"line":107,"column":4},"end":{"line":110,"column":4}}},"13":{"name":"_beforeTokenTransfer","line":114,"loc":{"start":{"line":112,"column":4},"end":{"line":118,"column":4}}},"14":{"name":"withdraw","line":120,"loc":{"start":{"line":120,"column":8},"end":{"line":125,"column":5}}}},"statementMap":{"1":{"start":{"line":38,"column":4},"end":{"line":38,"column":34}},"2":{"start":{"line":46,"column":8},"end":{"line":46,"column":15}},"3":{"start":{"line":50,"column":8},"end":{"line":50,"column":17}},"4":{"start":{"line":61,"column":10},"end":{"line":61,"column":70}},"5":{"start":{"line":62,"column":10},"end":{"line":62,"column":97}},"6":{"start":{"line":68,"column":8},"end":{"line":68,"column":65}},"7":{"start":{"line":76,"column":10},"end":{"line":76,"column":62}},"8":{"start":{"line":77,"column":8},"end":{"line":77,"column":61}},"9":{"start":{"line":78,"column":8},"end":{"line":78,"column":41}},"10":{"start":{"line":82,"column":8},"end":{"line":82,"column":48}},"11":{"start":{"line":85,"column":8},"end":{"line":85,"column":52}},"12":{"start":{"line":108,"column":8},"end":{"line":108,"column":51}},"13":{"start":{"line":109,"column":8},"end":{"line":109,"column":22}},"14":{"start":{"line":117,"column":8},"end":{"line":117,"column":73}},"15":{"start":{"line":121,"column":8},"end":{"line":121,"column":61}},"16":{"start":{"line":122,"column":8},"end":{"line":122,"column":77}},"17":{"start":{"line":123,"column":8},"end":{"line":123,"column":18}}},"branchMap":{"1":{"line":45,"type":"if","locations":[{"start":{"line":45,"column":28},"end":{"line":45,"column":28}},{"start":{"line":45,"column":28},"end":{"line":45,"column":28}}]},"2":{"line":49,"type":"if","locations":[{"start":{"line":49,"column":30},"end":{"line":49,"column":30}},{"start":{"line":49,"column":30},"end":{"line":49,"column":30}}]},"3":{"line":55,"type":"if","locations":[{"start":{"line":55,"column":29},"end":{"line":55,"column":29}},{"start":{"line":55,"column":29},"end":{"line":55,"column":29}}]},"4":{"line":61,"type":"if","locations":[{"start":{"line":61,"column":10},"end":{"line":61,"column":10}},{"start":{"line":61,"column":10},"end":{"line":61,"column":10}}]},"5":{"line":62,"type":"if","locations":[{"start":{"line":62,"column":10},"end":{"line":62,"column":10}},{"start":{"line":62,"column":10},"end":{"line":62,"column":10}}]},"6":{"line":68,"type":"if","locations":[{"start":{"line":68,"column":8},"end":{"line":68,"column":8}},{"start":{"line":68,"column":8},"end":{"line":68,"column":8}}]},"7":{"line":74,"type":"if","locations":[{"start":{"line":74,"column":26},"end":{"line":74,"column":26}},{"start":{"line":74,"column":26},"end":{"line":74,"column":26}}]},"8":{"line":74,"type":"if","locations":[{"start":{"line":74,"column":56},"end":{"line":74,"column":56}},{"start":{"line":74,"column":56},"end":{"line":74,"column":56}}]},"9":{"line":76,"type":"if","locations":[{"start":{"line":76,"column":10},"end":{"line":76,"column":10}},{"start":{"line":76,"column":10},"end":{"line":76,"column":10}}]},"10":{"line":77,"type":"if","locations":[{"start":{"line":77,"column":8},"end":{"line":77,"column":8}},{"start":{"line":77,"column":8},"end":{"line":77,"column":8}}]},"11":{"line":81,"type":"if","locations":[{"start":{"line":81,"column":152},"end":{"line":81,"column":152}},{"start":{"line":81,"column":152},"end":{"line":81,"column":152}}]},"12":{"line":92,"type":"if","locations":[{"start":{"line":92,"column":66},"end":{"line":92,"column":66}},{"start":{"line":92,"column":66},"end":{"line":92,"column":66}}]},"13":{"line":96,"type":"if","locations":[{"start":{"line":96,"column":61},"end":{"line":96,"column":61}},{"start":{"line":96,"column":61},"end":{"line":96,"column":61}}]},"14":{"line":101,"type":"if","locations":[{"start":{"line":101,"column":52},"end":{"line":101,"column":52}},{"start":{"line":101,"column":52},"end":{"line":101,"column":52}}]},"15":{"line":107,"type":"if","locations":[{"start":{"line":107,"column":49},"end":{"line":107,"column":49}},{"start":{"line":107,"column":49},"end":{"line":107,"column":49}}]},"16":{"line":108,"type":"if","locations":[{"start":{"line":108,"column":8},"end":{"line":108,"column":8}},{"start":{"line":108,"column":8},"end":{"line":108,"column":8}}]},"17":{"line":114,"type":"if","locations":[{"start":{"line":114,"column":8},"end":{"line":114,"column":8}},{"start":{"line":114,"column":8},"end":{"line":114,"column":8}}]},"18":{"line":120,"type":"if","locations":[{"start":{"line":120,"column":43},"end":{"line":120,"column":43}},{"start":{"line":120,"column":43},"end":{"line":120,"column":43}}]},"19":{"line":121,"type":"if","locations":[{"start":{"line":121,"column":8},"end":{"line":121,"column":8}},{"start":{"line":121,"column":8},"end":{"line":121,"column":8}}]},"20":{"line":123,"type":"if","locations":[{"start":{"line":123,"column":8},"end":{"line":123,"column":8}},{"start":{"line":123,"column":8},"end":{"line":123,"column":8}}]}}},
[...]
column":42}},"29":{"start":{"line":190,"column":16},"end":{"line":190,"column":62}},"30":{"start":{"line":194,"column":8},"end":{"line":194,"column":50}}},"branchMap":{"1":{"line":64,"type":"if","locations":[{"start":{"line":64,"column":12},"end":{"line":64,"column":12}},{"start":{"line":64,"column":12},"end":{"line":64,"column":12}}]},"2":{"line":65,"type":"if","locations":[{"start":{"line":65,"column":12},"end":{"line":65,"column":12}},{"start":{"line":65,"column":12},"end":{"line":65,"column":12}}]},"3":{"line":65,"type":"cond-expr","locations":[{"start":{"line":65,"column":16},"end":{"line":65,"column":30}},{"start":{"line":65,"column":35},"end":{"line":65,"column":66}}]},"4":{"line":66,"type":"if","locations":[{"start":{"line":66,"column":12},"end":{"line":66,"column":12}},{"start":{"line":66,"column":12},"end":{"line":66,"column":12}}]},"5":{"line":67,"type":"if","locations":[{"start":{"line":67,"column":12},"end":{"line":67,"column":12}},{"start":{"line":67,"column":12},"end":{"line":67,"column":12}}]},"6":{"line":68,"type":"if","locations":[{"start":{"line":68,"column":12},"end":{"line":68,"column":12}},{"start":{"line":68,"column":12},"end":{"line":68,"column":12}}]},"7":{"line":69,"type":"if","locations":[{"start":{"line":69,"column":12},"end":{"line":69,"column":12}},{"start":{"line":69,"column":12},"end":{"line":69,"column":12}}]},"8":{"line":74,"type":"if","locations":[{"start":{"line":74,"column":100},"end":{"line":74,"column":100}},{"start":{"line":74,"column":100},"end":{"line":74,"column":100}}]},"9":{"line":75,"type":"if","locations":[{"start":{"line":75,"column":12},"end":{"line":75,"column":12}},{"start":{"line":75,"column":12},"end":{"line":75,"column":12}}]},"10":{"line":77,"type":"if","locations":[{"start":{"line":77,"column":12},"end":{"line":77,"column":12}},{"start":{"line":77,"column":12},"end":{"line":77,"column":12}}]},"11":{"line":84,"type":"if","locations":[{"start":{"line":84,"column":58},"end":{"line":84,"column":58}},{"start":{"line":84,"column":58},"end":{"line":84,"column":58}}]},"12":{"line":86,"type":"if","locations":[{"start":{"line":86,"column":5},"end":{"line":86,"column":5}},{"start":{"line":86,"column":5},"end":{"line":86,"column":5}}]},"13":{"line":92,"type":"if","locations":[{"start":{"line":92,"column":50},"end":{"line":92,"column":50}},{"start":{"line":92,"column":50},"end":{"line":92,"column":50}}]},"14":{"line":96,"type":"if","locations":[{"start":{"line":96,"column":51},"end":{"line":96,"column":51}},{"start":{"line":96,"column":51},"end":{"line":96,"column":51}}]},"15":{"line":100,"type":"if","locations":[{"start":{"line":100,"column":49},"end":{"line":100,"column":49}},{"start":{"line":100,"column":49},"end":{"line":100,"column":49}}]},"16":{"line":106,"type":"if","locations":[{"start":{"line":106,"column":32},"end":{"line":106,"column":32}},{"start":{"line":106,"column":32},"end":{"line":106,"column":32}}]},"17":{"line":110,"type":"if","locations":[{"start":{"line":110,"column":79},"end":{"line":110,"column":79}},{"start":{"line":110,"column":79},"end":{"line":110,"column":79}}]},"18":{"line":111,"type":"if","locations":[{"start":{"line":111,"column":12},"end":{"line":111,"column":12}},{"start":{"line":111,"column":12},"end":{"line":111,"column":12}}]},"19":{"line":112,"type":"if","locations":[{"start":{"line":112,"column":12},"end":{"line":112,"column":12}},{"start":{"line":112,"column":12},"end":{"line":112,"column":12}}]},"20":{"line":117,"type":"if","locations":[{"start":{"line":117,"column":56},"end":{"line":117,"column":56}},{"start":{"line":117,"column":56},"end":{"line":117,"column":56}}]},"21":{"line":121,"type":"if","locations":[{"start":{"line":121,"column":38},"end":{"line":121,"column":38}},{"start":{"line":121,"column":38},"end":{"line":121,"column":38}}]},"22":{"line":126,"type":"if","locations":[{"start":{"line":126,"column":54},"end":{"line":126,"column":54}},{"start":{"line":126,"column":54},"end":{"line":126,"column":54}}]},"23":{"line":130,"type":"if","locations":[{"start":{"line":130,"column":59},"end":{"line":130,"column":59}},{"start":{"line":130,"column":59},"end":{"line":130,"column":59}}]},"24":{"line":134,"type":"if","locations":[{"start":{"line":134,"column":53},"end":{"line":134,"column":53}},{"start":{"line":134,"column":53},"end":{"line":134,"column":53}}]},"25":{"line":138,"type":"if","locations":[{"start":{"line":138,"column":61},"end":{"line":138,"column":61}},{"start":{"line":138,"column":61},"end":{"line":138,"column":61}}]},"26":{"line":142,"type":"if","locations":[{"start":{"line":142,"column":69},"end":{"line":142,"column":69}},{"start":{"line":142,"column":69},"end":{"line":142,"column":69}}]},"27":{"line":147,"type":"if","locations":[{"start":{"line":147,"column":35},"end":{"line":147,"column":35}},{"start":{"line":147,"column":35},"end":{"line":147,"column":35}}]},"28":{"line":147,"type":"if","locations":[{"start":{"line":147,"column":45},"end":{"line":147,"column":45}},{"start":{"line":147,"column":45},"end":{"line":147,"column":45}}]},"29":{"line":151,"type":"if","locations":[{"start":{"line":151,"column":12},"end":{"line":151,"column":12}},{"start":{"line":151,"column":12},"end":{"line":151,"column":12}}]},"30":{"line":157,"type":"if","locations":[{"start":{"line":157,"column":12},"end":{"line":157,"column":12}},{"start":{"line":157,"column":12},"end":{"line":157,"column":12}}]},"31":{"line":159,"type":"if","locations":[{"start":{"line":159,"column":8},"end":{"line":159,"column":8}},{"start":{"line":159,"column":8},"end":{"line":159,"column":8}}]},"32":{"line":164,"type":"if","locations":[{"start":{"line":164,"column":18},"end":{"line":164,"column":91}},{"start":{"line":165,"column":18},"end":{"line":165,"column":19}}]},"33":{"line":177,"type":"if","locations":[{"start":{"line":177,"column":52},"end":{"line":177,"column":52}},{"start":{"line":177,"column":52},"end":{"line":177,"column":52}}]},"34":{"line":193,"type":"if","locations":[{"start":{"line":193,"column":87},"end":{"line":193,"column":87}},{"start":{"line":193,"column":87},"end":{"line":193,"column":87}}]}}},
"contracts\\SampleERC721a.sol":{"l":{"52":3,"53":3,"54":3,"55":3,"56":3,"57":3,"58":3,"62":31,"63":31,"64":27,"65":24,"69":20,"70":18,"71":15,"72":12,"78":5,"79":4,"80":4,"81":2,"85":7,"86":6,"92":6,"96":3,"100":1,"101":2,"106":4,"110":2,"114":1,"118":13,"122":6,"126":10,"130":10,"134":37,"141":11,"145":8,"149":2,"155":1,"157":1,"158":1,"165":2,"167":1,"168":0,"171":1,"172":1,"178":1,"182":0,"187":0,"191":0,"199":0},"path":"C:\\Users\\Dori3n\\Desktop\\launchifi-hardhat-test\\contracts\\SampleERC721a.sol","s":{"1":31,"2":31,"3":27,"4":20,"5":18,"6":15,"7":5,"8":4,"9":4,"10":2,"11":7,"12":6,"13":3,"14":1,"15":2,"16":37,"17":2,"18":1,"19":1,"20":1,"21":2,"22":1,"23":0,"24":1,"25":1,"26":1,"27":0,"28":0,"29":0,"30":0},"b":{"1":[0,31],"2":[4,27],"3":[3,24],"4":[2,18],"5":[3,15],"6":[0,3],"7":[3,12],"8":[10,3],"9":[5,5],"10":[1,4],"11":[2,2],"12":[10,2],"13":[7,3],"14":[1,6],"15":[6,1],"16":[3,1],"17":[3,0],"18":[3,1],"19":[1,2],"20":[4,1],"21":[2,1],"22":[1,0],"23":[13,1],"24":[6,1],"25":[10,1],"26":[10,1],"27":[11,1],"28":[8,1],"29":[2,2],"30":[1,1],"31":[1,0],"32":[1,0],"33":[1,1],"34":[0,1],"35":[1,0],"36":[0,0],"37":[0,0],"38":[0,0]},"f":{"1":3,"2":31,"3":20,"4":5,"5":7,"6":6,"7":3,"8":1,"9":4,"10":2,"11":1,"12":13,"13":6,"14":10,"15":10,"16":37,"17":11,"18":8,"19":2,"20":1,"21":2,"22":1,"23":0,"24":0,"25":0,"26":0},"fnMap":{"1":{"name":"constructor","line":50,"loc":{"start":{"line":50,"column":12},"end":{"line":59,"column":12}}},"2":{"name":"mintCompliance","line":61,"loc":{"start":{"line":61,"column":12},"end":{"line":66,"column":8}}},"3":{"name":"mintPriceCompliance","line":68,"loc":{"start":{"line":68,"column":12},"end":{"line":73,"column":8}}},"4":{"name":"whitelistMint","line":77,"loc":{"start":{"line":77,"column":13},"end":{"line":82,"column":12}}},"5":{"name":"mint","line":84,"loc":{"start":{"line":84,"column":12},"end":{"line":87,"column":12}}},"6":{"name":"pause","line":91,"loc":{"start":{"line":91,"column":12},"end":{"line":93,"column":12}}},"7":{"name":"safeMint","line":95,"loc":{"start":{"line":95,"column":12},"end":{"line":97,"column":12}}},"8":{"name":"airdrop","line":99,"loc":{"start":{"line":99,"column":6},"end":{"line":103,"column":6}}},"9":{"name":"setRevealed","line":105,"loc":{"start":{"line":105,"column":12},"end":{"line":107,"column":12}}},"10":{"name":"setbaseURL","line":109,"loc":{"start":{"line":109,"column":12},"end":{"line":111,"column":12}}},"11":{"name":"setExtensionURL","line":113,"loc":{"start":{"line":113,"column":12},"end":{"line":115,"column":12}}},"12":{"name":"setCostPrice","line":117,"loc":{"start":{"line":117,"column":12},"end":{"line":119,"column":12}}},"13":{"name":"setMaxSupply","line":121,"loc":{"start":{"line":121,"column":12},"end":{"line":123,"column":14}}},"14":{"name":"setMaxMintAmountPerTx","line":125,"loc":{"start":{"line":125,"column":14},"end":{"line":127,"column":14}}},"15":{"name":"setMaxMintAmountPerWallet","line":129,"loc":{"start":{"line":129,"column":14},"end":{"line":131,"column":14}}},"16":{"name":"_startTokenId","line":133,"loc":{"start":{"line":133,"column":12},"end":{"line":135,"column":12}}},"17":{"name":"setwhitelistFeature","line":140,"loc":{"start":{"line":140,"column":12},"end":{"line":142,"column":12}}},"18":{"name":"setHashRoot","line":144,"loc":{"start":{"line":144,"column":12},"end":{"line":146,"column":12}}},"19":{"name":"checkHashRoot","line":148,"loc":{"start":{"line":148,"column":12},"end":{"line":150,"column":12}}},"20":{"name":"withdraw","line":154,"loc":{"start":{"line":154,"column":12},"end":{"line":159,"column":12}}},"21":{"name":"tokenURI","line":163,"loc":{"start":{"line":163,"column":12},"end":{"line":175,"column":12}}},"22":{"name":"_baseURI","line":177,"loc":{"start":{"line":177,"column":12},"end":{"line":179,"column":12}}},"23":{"name":"maxSupply","line":181,"loc":{"start":{"line":181,"column":12},"end":{"line":183,"column":12}}},"24":{"name":"transferFrom","line":186,"loc":{"start":{"line":186,"column":12},"end":{"line":188,"column":12}}},"25":{"name":"safeTransferFrom","line":190,"loc":{"start":{"line":190,"column":12},"end":{"line":192,"column":12}}},"26":{"name":"safeTransferFrom","line":197,"loc":{"start":{"line":194,"column":12},"end":{"line":200,"column":12}}}},"statementMap":{"1":{"start":{"line":62,"column":16},"end":{"line":62,"column":69}},"2":{"start":{"line":63,"column":16},"end":{"line":63,"column":81}},"3":{"start":{"line":64,"column":16},"end":{"line":64,"column":50}},"4":{"start":{"line":69,"column":16},"end":{"line":69,"column":113}},"5":{"start":{"line":70,"column":16},"end":{"line":70,"column":99}},"6":{"start":{"line":71,"column":16},"end":{"line":71,"column":78}},"7":{"start":{"line":78,"column":16},"end":{"line":78,"column":72}},"8":{"start":{"line":79,"column":16},"end":{"line":79,"column":72}},"9":{"start":{"line":80,"column":16},"end":{"line":80,"column":92}},"10":{"start":{"line":81,"column":16},"end":{"line":81,"column":51}},"11":{"start":{"line":85,"column":14},"end":{"line":85,"column":69}},"12":{"start":{"line":86,"column":14},"end":{"line":86,"column":49}},"13":{"start":{"line":96,"column":16},"end":{"line":96,"column":38}},"14":{"start":{"line":100,"column":10},"end":{"line":100,"column":4706}},"15":{"start":{"line":101,"column":14},"end":{"line":101,"column":48}},"16":{"start":{"line":134,"column":16},"end":{"line":134,"column":24}},"17":{"start":{"line":149,"column":16},"end":{"line":149,"column":31}},"18":{"start":{"line":155,"column":16},"end":{"line":155,"column":53}},"19":{"start":{"line":157,"column":16},"end":{"line":157,"column":75}},"20":{"start":{"line":158,"column":16},"end":{"line":158,"column":29}},"21":{"start":{"line":165,"column":16},"end":{"line":165,"column":64}},"22":{"start":{"line":167,"column":16},"end":{"line":167,"column":7086}},"23":{"start":{"line":168,"column":16},"end":{"line":168,"column":32}},"24":{"start":{"line":171,"column":16},"end":{"line":171,"column":57}},"25":{"start":{"line":172,"column":16},"end":{"line":172,"column":7268}},"26":{"start":{"line":178,"column":16},"end":{"line":178,"column":30}},"27":{"start":{"line":182,"column":16},"end":{"line":182,"column":33}},"28":{"start":{"line":187,"column":12},"end":{"line":187,"column":48}},"29":{"start":{"line":191,"column":12},"end":{"line":191,"column":52}},"30":{"start":{"line":199,"column":12},"end":{"line":199,"column":58}}},"branchMap":{"1":{"line":62,"type":"if","locations":[{"start":{"line":62,"column":16},"end":{"line":62,"column":16}},{"start":{"line":62,"column":16},"end":{"line":62,"column":16}}]},"2":{"line":63,"type":"if","locations":[{"start":{"line":63,"column":16},"end":{"line":63,"column":16}},{"start":{"line":63,"column":16},"end":{"line":63,"column":16}}]},"3":{"line":64,"type":"if","locations":[{"start":{"line":64,"column":16},"end":{"line":64,"column":16}},{"start":{"line":64,"column":16},"end":{"line":64,"column":16}}]},"4":{"line":69,"type":"if","locations":[{"start":{"line":69,"column":16},"end":{"line":69,"column":16}},{"start":{"line":69,"column":16},"end":{"line":69,"column":16}}]},"5":{"line":70,"type":"if","locations":[{"start":{"line":70,"column":16},"end":{"line":70,"column":16}},{"start":{"line":70,"column":16},"end":{"line":70,"column":16}}]},"6":{"line":70,"type":"cond-expr","locations":[{"start":{"line":70,"column":20},"end":{"line":70,"column":34}},{"start":{"line":70,"column":39},"end":{"line":70,"column":70}}]},"7":{"line":71,"type":"if","locations":[{"start":{"line":71,"column":16},"end":{"line":71,"column":16}},{"start":{"line":71,"column":16},"end":{"line":71,"column":16}}]},"8":{"line":77,"type":"if","locations":[{"start":{"line":77,"column":105},"end":{"line":77,"column":105}},{"start":{"line":77,"column":105},"end":{"line":77,"column":105}}]},"9":{"line":77,"type":"if","locations":[{"start":{"line":77,"column":133},"end":{"line":77,"column":133}},{"start":{"line":77,"column":133},"end":{"line":77,"column":133}}]},"10":{"line":78,"type":"if","locations":[{"start":{"line":78,"column":16},"end":{"line":78,"column":16}},{"start":{"line":78,"column":16},"end":{"line":78,"column":16}}]},"11":{"line":80,"type":"if","locations":[{"start":{"line":80,"column":16},"end":{"line":80,"column":16}},{"start":{"line":80,"column":16},"end":{"line":80,"column":16}}]},"12":{"line":84,"type":"if","locations":[{"start":{"line":84,"column":63},"end":{"line":84,"column":63}},{"start":{"line":84,"column":63},"end":{"line":84,"column":63}}]},"13":{"line":84,"type":"if","locations":[{"start":{"line":84,"column":92},"end":{"line":84,"column":92}},{"start":{"line":84,"column":92},"end":{"line":84,"column":92}}]},"14":{"line":85,"type":"if","locations":[{"start":{"line":85,"column":14},"end":{"line":85,"column":14}},{"start":{"line":85,"column":14},"end":{"line":85,"column":14}}]},"15":{"line":91,"type":"if","locations":[{"start":{"line":91,"column":36},"end":{"line":91,"column":36}},{"start":{"line":91,"column":36},"end":{"line":91,"column":36}}]},"16":{"line":95,"type":"if","locations":[{"start":{"line":95,"column":67},"end":{"line":95,"column":67}},{"start":{"line":95,"column":67},"end":{"line":95,"column":67}}]},"17":{"line":95,"type":"if","locations":[{"start":{"line":95,"column":77},"end":{"line":95,"column":77}},{"start":{"line":95,"column":77},"end":{"line":95,"column":77}}]},"18":{"line":99,"type":"if","locations":[{"start":{"line":99,"column":79},"end":{"line":99,"column":79}},{"start":{"line":99,"column":79},"end":{"line":99,"column":79}}]},"19":{"line":99,"type":"if","locations":[{"start":{"line":99,"column":89},"end":{"line":99,"column":89}},{"start":{"line":99,"column":89},"end":{"line":99,"column":89}}]},"20":{"line":105,"type":"if","locations":[{"start":{"line":105,"column":42},"end":{"line":105,"column":42}},{"start":{"line":105,"column":42},"end":{"line":105,"column":42}}]},"21":{"line":109,"type":"if","locations":[{"start":{"line":109,"column":58},"end":{"line":109,"column":58}},{"start":{"line":109,"column":58},"end":{"line":109,"column":58}}]},"22":{"line":113,"type":"if","locations":[{"start":{"line":113,"column":63},"end":{"line":113,"column":63}},{"start":{"line":113,"column":63},"end":{"line":113,"column":63}}]},"23":{"line":117,"type":"if","locations":[{"start":{"line":117,"column":56},"end":{"line":117,"column":56}},{"start":{"line":117,"column":56},"end":{"line":117,"column":56}}]},"24":{"line":121,"type":"if","locations":[{"start":{"line":121,"column":57},"end":{"line":121,"column":57}},{"start":{"line":121,"column":57},"end":{"line":121,"column":57}}]},"25":{"line":125,"type":"if","locations":[{"start":{"line":125,"column":67},"end":{"line":125,"column":67}},{"start":{"line":125,"column":67},"end":{"line":125,"column":67}}]},"26":{"line":129,"type":"if","locations":[{"start":{"line":129,"column":75},"end":{"line":129,"column":75}},{"start":{"line":129,"column":75},"end":{"line":129,"column":75}}]},"27":{"line":140,"type":"if","locations":[{"start":{"line":140,"column":50},"end":{"line":140,"column":50}},{"start":{"line":140,"column":50},"end":{"line":140,"column":50}}]},"28":{"line":144,"type":"if","locations":[{"start":{"line":144,"column":51},"end":{"line":144,"column":51}},{"start":{"line":144,"column":51},"end":{"line":144,"column":51}}]},"29":{"line":148,"type":"if","locations":[{"start":{"line":148,"column":49},"end":{"line":148,"column":49}},{"start":{"line":148,"column":49},"end":{"line":148,"column":49}}]},"30":{"line":154,"type":"if","locations":[{"start":{"line":154,"column":39},"end":{"line":154,"column":39}},{"start":{"line":154,"column":39},"end":{"line":154,"column":39}}]},"31":{"line":154,"type":"if","locations":[{"start":{"line":154,"column":49},"end":{"line":154,"column":49}},{"start":{"line":154,"column":49},"end":{"line":154,"column":49}}]},"32":{"line":158,"type":"if","locations":[{"start":{"line":158,"column":16},"end":{"line":158,"column":16}},{"start":{"line":158,"column":16},"end":{"line":158,"column":16}}]},"33":{"line":165,"type":"if","locations":[{"start":{"line":165,"column":16},"end":{"line":165,"column":16}},{"start":{"line":165,"column":16},"end":{"line":165,"column":16}}]},"34":{"line":167,"type":"if","locations":[{"start":{"line":167,"column":16},"end":{"line":167,"column":16}},{"start":{"line":167,"column":16},"end":{"line":167,"column":16}}]},"35":{"line":173,"type":"if","locations":[{"start":{"line":173,"column":22},"end":{"line":173,"column":95}},{"start":{"line":174,"column":22},"end":{"line":174,"column":23}}]},"36":{"line":186,"type":"if","locations":[{"start":{"line":186,"column":101},"end":{"line":186,"column":101}},{"start":{"line":186,"column":101},"end":{"line":186,"column":101}}]},"37":{"line":190,"type":"if","locations":[{"start":{"line":190,"column":105},"end":{"line":190,"column":105}},{"start":{"line":190,"column":105},"end":{"line":190,"column":105}}]},"38":{"line":197,"type":"if","locations":[{"start":{"line":197,"column":12},"end":{"line":197,"column":12}},{"start":{"line":197,"column":12},"end":{"line":197,"column":12}}]}}},
"contracts\\Token.sol":{"l":{"33":3,"34":3,"47":5,"50":4,"51":4,"54":4,"64":11},"path":"C:\\Users\\Dori3n\\Desktop\\launchifi-hardhat-test\\contracts\\Token.sol","s":{"1":5,"2":4,"3":11},"b":{"1":[4,1]},"f":{"1":3,"2":5,"3":11},"fnMap":{"1":{"name":"constructor","line":30,"loc":{"start":{"line":30,"column":4},"end":{"line":35,"column":4}}},"2":{"name":"transfer","line":43,"loc":{"start":{"line":43,"column":4},"end":{"line":55,"column":4}}},"3":{"name":"balanceOf","line":63,"loc":{"start":{"line":63,"column":4},"end":{"line":65,"column":4}}}},"statementMap":{"1":{"start":{"line":47,"column":8},"end":{"line":47,"column":67}},"2":{"start":{"line":54,"column":8},"end":{"line":54,"column":45}},"3":{"start":{"line":64,"column":8},"end":{"line":64,"column":32}}},"branchMap":{"1":{"line":47,"type":"if","locations":[{"start":{"line":47,"column":8},"end":{"line":47,"column":8}},{"start":{"line":47,"column":8},"end":{"line":47,"column":8}}]}}}}
