TN:
SF:C:\Users\Dori3n\Desktop\launchifi-hardhat-test\contracts\Degen.sol
FN:44,constructor
FN:51,mintCompliance
FN:59,mintPriceCompliance
FN:69,mint
FN:83,checkCost
FN:97,checkFreemint
FN:109,changeFreeSupplyLimit
FN:119,airdrop
FN:128,pause
FN:135,setHiddenURL
FN:140,setRevealed
FN:146,setbaseURL
FN:151,setExtensionURL
FN:157,setCostPrice
FN:163,setMaxSupply
FN:169,setMaxMintAmountPerTx
FN:175,setMaxMintAmountPerWallet
FN:181,setnumberOfFreeNFTs
FN:189,withdraw
FN:202,tokenURI
FN:217,_startTokenId
FN:223,_baseURI
FN:228,safeMint
FNF:23
FNH:23
FNDA:3,constructor
FNDA:10,mintCompliance
FNDA:4,mintPriceCompliance
FNDA:2,mint
FNDA:8,checkCost
FNDA:5,checkFreemint
FNDA:2,changeFreeSupplyLimit
FNDA:1,airdrop
FNDA:7,pause
FNDA:2,setHiddenURL
FNDA:3,setRevealed
FNDA:2,setbaseURL
FNDA:1,setExtensionURL
FNDA:2,setCostPrice
FNDA:3,setMaxSupply
FNDA:3,setMaxMintAmountPerTx
FNDA:3,setMaxMintAmountPerWallet
FNDA:1,setnumberOfFreeNFTs
FNDA:1,withdraw
FNDA:3,tokenURI
FNDA:17,_startTokenId
FNDA:1,_baseURI
FNDA:9,safeMint
DA:45,3
DA:46,3
DA:52,10
DA:53,10
DA:54,8
DA:55,7
DA:56,5
DA:60,4
DA:61,3
DA:62,3
DA:63,2
DA:71,2
DA:72,2
DA:84,8
DA:85,8
DA:86,3
DA:88,4
DA:89,4
DA:92,1
DA:93,1
DA:98,5
DA:99,5
DA:100,2
DA:102,1
DA:105,2
DA:110,2
DA:120,1
DA:121,2
DA:129,7
DA:136,2
DA:141,3
DA:147,2
DA:152,1
DA:158,2
DA:164,3
DA:170,3
DA:176,3
DA:182,1
DA:194,1
DA:195,1
DA:203,3
DA:206,2
DA:207,1
DA:210,1
DA:211,1
DA:218,17
DA:224,1
DA:229,9
LF:48
LH:48
BRDA:52,1,0,0
BRDA:52,1,1,10
BRDA:53,2,0,2
BRDA:53,2,1,8
BRDA:54,3,0,1
BRDA:54,3,1,7
BRDA:55,4,0,2
BRDA:55,4,1,5
BRDA:60,5,0,1
BRDA:60,5,1,3
BRDA:61,6,0,0
BRDA:61,6,1,3
BRDA:61,7,0,0
BRDA:61,7,1,0
BRDA:62,8,0,1
BRDA:62,8,1,2
BRDA:69,9,0,4
BRDA:69,9,1,3
BRDA:69,10,0,2
BRDA:69,10,1,2
BRDA:85,11,0,3
BRDA:85,11,1,5
BRDA:87,12,0,4
BRDA:87,12,1,1
BRDA:99,13,0,2
BRDA:99,13,1,3
BRDA:101,14,0,1
BRDA:101,14,1,2
BRDA:109,15,0,2
BRDA:109,15,1,0
BRDA:119,16,0,3
BRDA:119,16,1,0
BRDA:119,17,0,1
BRDA:119,17,1,2
BRDA:128,18,0,7
BRDA:128,18,1,1
BRDA:135,19,0,2
BRDA:135,19,1,0
BRDA:140,20,0,3
BRDA:140,20,1,1
BRDA:146,21,0,2
BRDA:146,21,1,1
BRDA:151,22,0,1
BRDA:151,22,1,0
BRDA:157,23,0,2
BRDA:157,23,1,1
BRDA:163,24,0,3
BRDA:163,24,1,1
BRDA:169,25,0,3
BRDA:169,25,1,1
BRDA:175,26,0,3
BRDA:175,26,1,1
BRDA:181,27,0,1
BRDA:181,27,1,1
BRDA:189,28,0,1
BRDA:189,28,1,1
BRDA:189,29,0,1
BRDA:189,29,1,0
BRDA:195,30,0,1
BRDA:195,30,1,0
BRDA:203,31,0,1
BRDA:203,31,1,2
BRDA:206,32,0,1
BRDA:206,32,1,1
BRDA:212,33,0,1
BRDA:212,33,1,0
BRF:66
BRH:55
end_of_record
TN:
SF:C:\Users\Dori3n\Desktop\launchifi-hardhat-test\contracts\DutchAuction.sol
FN:51,constructor
FN:101,constructor
FN:110,createAuction
FN:131,AuctionStart
FN:150,AuctionBuy
FN:172,AuctionCanceled
FN:187,withdraw
FN:196,getPrice
FN:205,setDiscountRate
FN:212,getAvailableNFTs
FN:229,getSoldNfts
FNF:11
FNH:11
FNDA:3,constructor
FNDA:3,constructor
FNDA:22,createAuction
FNDA:18,AuctionStart
FNDA:8,AuctionBuy
FNDA:3,AuctionCanceled
FNDA:1,withdraw
FNDA:10,getPrice
FNDA:1,setDiscountRate
FNDA:3,getAvailableNFTs
FNDA:1,getSoldNfts
DA:52,3
DA:103,3
DA:104,3
DA:111,22
DA:112,21
DA:113,21
DA:115,21
DA:132,18
DA:133,18
DA:135,18
DA:136,17
DA:137,17
DA:138,17
DA:139,17
DA:140,16
DA:142,16
DA:151,8
DA:152,7
DA:153,7
DA:155,6
DA:156,6
DA:158,5
DA:159,5
DA:160,5
DA:161,5
DA:164,5
DA:173,3
DA:174,2
DA:179,2
DA:180,2
DA:181,2
DA:183,2
DA:188,1
DA:189,1
DA:197,10
DA:198,1
DA:200,9
DA:201,9
DA:206,1
DA:213,3
DA:214,3
DA:216,3
DA:217,5
DA:218,4
DA:219,4
DA:223,3
DA:230,1
DA:231,1
DA:233,1
DA:234,1
DA:235,3
DA:236,2
DA:237,2
DA:238,2
DA:239,2
DA:243,1
LF:56
LH:56
BRDA:110,1,0,22
BRDA:110,1,1,1
BRDA:111,2,0,1
BRDA:111,2,1,21
BRDA:131,3,0,18
BRDA:131,3,1,1
BRDA:135,4,0,1
BRDA:135,4,1,17
BRDA:136,5,0,0
BRDA:136,5,1,17
BRDA:137,6,0,0
BRDA:137,6,1,17
BRDA:151,7,0,1
BRDA:151,7,1,7
BRDA:153,8,0,1
BRDA:153,8,1,6
BRDA:156,9,0,1
BRDA:156,9,1,5
BRDA:172,10,0,3
BRDA:172,10,1,1
BRDA:173,11,0,1
BRDA:173,11,1,2
BRDA:187,12,0,1
BRDA:187,12,1,1
BRDA:187,13,0,1
BRDA:187,13,1,0
BRDA:189,14,0,1
BRDA:189,14,1,0
BRDA:197,15,0,1
BRDA:197,15,1,9
BRDA:197,16,0,0
BRDA:197,16,1,1
BRDA:205,17,0,1
BRDA:205,17,1,1
BRDA:217,18,0,4
BRDA:217,18,1,1
BRDA:235,19,0,2
BRDA:235,19,1,1
BRF:38
BRH:33
end_of_record
TN:
SF:C:\Users\Dori3n\Desktop\launchifi-hardhat-test\contracts\EnglishAuction.sol
FN:57,constructor
FN:94,constructor
FN:103,createAuction
FN:124,AuctionStart
FN:144,AuctionBid
FN:167,AuctionEnd
FN:192,AuctionCanceled
FN:211,withdraw
FN:224,getAvailableNFTs
FN:239,getSoldNFTs
FNF:10
FNH:7
FNDA:3,constructor
FNDA:3,constructor
FNDA:24,createAuction
FNDA:1,AuctionStart
FNDA:1,AuctionBid
FNDA:1,AuctionEnd
FNDA:0,AuctionCanceled
FNDA:1,withdraw
FNDA:0,getAvailableNFTs
FNDA:0,getSoldNFTs
DA:58,3
DA:96,3
DA:104,24
DA:105,24
DA:107,24
DA:125,1
DA:126,1
DA:128,1
DA:129,1
DA:130,0
DA:131,0
DA:132,0
DA:133,0
DA:135,0
DA:145,1
DA:146,0
DA:147,0
DA:148,0
DA:149,0
DA:150,0
DA:151,0
DA:153,0
DA:154,0
DA:157,0
DA:158,0
DA:159,0
DA:161,0
DA:169,1
DA:170,1
DA:171,1
DA:172,1
DA:173,1
DA:174,1
DA:176,0
DA:178,0
DA:179,0
DA:180,0
DA:181,0
DA:184,0
DA:185,0
DA:188,0
DA:193,0
DA:200,0
DA:202,0
DA:212,1
DA:213,1
DA:214,1
DA:215,0
DA:217,0
DA:225,0
DA:226,0
DA:228,0
DA:229,0
DA:230,0
DA:231,0
DA:235,0
DA:240,0
DA:241,0
DA:243,0
DA:244,0
DA:245,0
DA:246,0
DA:247,0
DA:248,0
DA:249,0
DA:253,0
LF:66
LH:19
BRDA:103,1,0,24
BRDA:103,1,1,1
BRDA:124,2,0,1
BRDA:124,2,1,1
BRDA:128,3,0,0
BRDA:128,3,1,1
BRDA:129,4,0,1
BRDA:129,4,1,0
BRDA:130,5,0,0
BRDA:130,5,1,0
BRDA:145,6,0,1
BRDA:145,6,1,0
BRDA:149,7,0,0
BRDA:149,7,1,0
BRDA:150,8,0,0
BRDA:150,8,1,0
BRDA:151,9,0,0
BRDA:151,9,1,0
BRDA:153,10,0,0
BRDA:153,10,1,0
BRDA:167,11,0,1
BRDA:167,11,1,1
BRDA:173,12,0,0
BRDA:173,12,1,1
BRDA:174,13,0,1
BRDA:174,13,1,0
BRDA:178,14,0,0
BRDA:178,14,1,0
BRDA:192,15,0,0
BRDA:192,15,1,1
BRDA:193,16,0,0
BRDA:193,16,1,0
BRDA:193,17,0,0
BRDA:193,17,1,0
BRDA:229,18,0,0
BRDA:229,18,1,0
BRDA:247,19,0,0
BRDA:247,19,1,0
BRF:38
BRH:12
end_of_record
TN:
SF:C:\Users\Dori3n\Desktop\launchifi-hardhat-test\contracts\ERC1155Staking.sol
FN:81,constructor
FN:100,stake
FN:141,withdraw
FN:161,claimRewards
FN:174,setRewardsPerHour
FN:187,pause
FN:194,unpause
FN:198,setStakingTime
FN:207,userStakeInfo
FN:215,getStakedIdsAndAmounts
FN:238,calculateRewards
FN:250,updateRewards
FN:257,getIndexOfTokenId
FN:267,availableRewards
FNF:14
FNH:12
FNDA:3,constructor
FNDA:24,stake
FNDA:10,withdraw
FNDA:3,claimRewards
FNDA:1,setRewardsPerHour
FNDA:1,pause
FNDA:1,unpause
FNDA:1,setStakingTime
FNDA:0,userStakeInfo
FNDA:6,getStakedIdsAndAmounts
FNDA:12,calculateRewards
FNDA:5,updateRewards
FNDA:13,getIndexOfTokenId
FNDA:0,availableRewards
DA:87,3
DA:88,3
DA:89,3
DA:101,24
DA:102,22
DA:103,22
DA:105,22
DA:106,18
DA:107,18
DA:108,18
DA:109,18
DA:110,18
DA:111,18
DA:114,4
DA:115,4
DA:116,2
DA:117,2
DA:118,2
DA:119,2
DA:120,2
DA:122,2
DA:123,2
DA:124,2
DA:125,2
DA:126,2
DA:127,2
DA:131,22
DA:142,10
DA:143,10
DA:144,9
DA:145,9
DA:146,6
DA:148,5
DA:149,5
DA:150,5
DA:151,5
DA:152,5
DA:153,5
DA:162,3
DA:164,3
DA:165,1
DA:166,1
DA:167,1
DA:168,1
DA:175,1
DA:176,1
DA:177,1
DA:178,0
DA:181,1
DA:188,1
DA:195,1
DA:199,1
DA:200,1
DA:212,0
DA:216,6
DA:217,6
DA:218,6
DA:219,6
DA:220,6
DA:221,8
DA:222,6
DA:223,6
DA:224,6
DA:228,6
DA:232,6
DA:239,12
DA:240,12
DA:251,5
DA:253,5
DA:254,5
DA:258,13
DA:259,13
DA:260,8
DA:263,5
DA:268,0
DA:270,0
DA:271,0
DA:273,0
LF:78
LH:72
BRDA:101,1,0,22
BRDA:101,1,1,2
BRDA:105,2,0,18
BRDA:105,2,1,4
BRDA:115,3,0,2
BRDA:115,3,1,2
BRDA:141,4,0,10
BRDA:141,4,1,0
BRDA:143,5,0,9
BRDA:143,5,1,1
BRDA:145,6,0,6
BRDA:145,6,1,3
BRDA:146,7,0,5
BRDA:146,7,1,1
BRDA:164,8,0,1
BRDA:164,8,1,2
BRDA:174,9,0,1
BRDA:174,9,1,1
BRDA:187,10,0,1
BRDA:187,10,1,1
BRDA:194,11,0,1
BRDA:194,11,1,1
BRDA:198,12,0,1
BRDA:198,12,1,1
BRDA:221,13,0,6
BRDA:221,13,1,2
BRDA:259,14,0,8
BRDA:259,14,1,5
BRDA:270,15,0,0
BRDA:270,15,1,0
BRF:30
BRH:27
end_of_record
TN:
SF:C:\Users\Dori3n\Desktop\launchifi-hardhat-test\contracts\ERC20Staking.sol
FN:89,constructor
FN:102,fundingContract
FN:120,stake
FN:140,stakeRewards
FN:154,claimRewards
FN:167,unstakeCertainAmount
FN:184,unstakeAll
FN:200,getDepositInfo
FN:213,compoundRewardsTimer
FN:229,calculateRewards
FN:242,setRewards
FN:247,setMinStake
FN:252,setCompFreq
FN:257,setRewardQtyFaster
FN:268,pause
FN:279,unpause
FNF:16
FNH:16
FNDA:3,constructor
FNDA:6,fundingContract
FNDA:18,stake
FNDA:3,stakeRewards
FNDA:5,claimRewards
FNDA:3,unstakeCertainAmount
FNDA:2,unstakeAll
FNDA:10,getDepositInfo
FNDA:5,compoundRewardsTimer
FNDA:19,calculateRewards
FNDA:1,setRewards
FNDA:2,setMinStake
FNDA:1,setCompFreq
FNDA:1,setRewardQtyFaster
FNDA:1,pause
FNDA:1,unpause
DA:90,3
DA:94,3
DA:103,6
DA:107,5
DA:108,5
DA:113,5
DA:121,18
DA:122,17
DA:126,16
DA:127,16
DA:128,15
DA:129,15
DA:130,15
DA:132,1
DA:133,1
DA:134,1
DA:135,1
DA:141,3
DA:142,2
DA:146,1
DA:148,1
DA:149,1
DA:150,1
DA:156,5
DA:158,5
DA:159,3
DA:160,3
DA:161,3
DA:162,3
DA:169,3
DA:174,1
DA:175,1
DA:176,1
DA:177,1
DA:178,1
DA:185,2
DA:186,1
DA:188,1
DA:189,1
DA:192,1
DA:193,1
DA:194,1
DA:195,1
DA:205,10
DA:206,10
DA:209,10
DA:218,5
DA:219,3
DA:221,2
DA:234,19
DA:243,1
DA:248,2
DA:253,1
DA:258,1
DA:269,1
DA:280,1
LF:56
LH:56
BRDA:90,1,0,3
BRDA:90,1,1,0
BRDA:102,2,0,6
BRDA:102,2,1,0
BRDA:103,3,0,5
BRDA:103,3,1,1
BRDA:108,4,0,5
BRDA:108,4,1,0
BRDA:120,5,0,18
BRDA:120,5,1,0
BRDA:120,6,0,18
BRDA:120,6,1,0
BRDA:121,7,0,17
BRDA:121,7,1,1
BRDA:122,8,0,16
BRDA:122,8,1,1
BRDA:127,9,0,15
BRDA:127,9,1,1
BRDA:140,10,0,3
BRDA:140,10,1,0
BRDA:140,11,0,3
BRDA:140,11,1,0
BRDA:141,12,0,2
BRDA:141,12,1,1
BRDA:142,13,0,1
BRDA:142,13,1,1
BRDA:154,14,0,5
BRDA:154,14,1,0
BRDA:154,15,0,5
BRDA:154,15,1,0
BRDA:158,16,0,3
BRDA:158,16,1,2
BRDA:167,17,0,3
BRDA:167,17,1,0
BRDA:167,18,0,3
BRDA:167,18,1,0
BRDA:169,19,0,1
BRDA:169,19,1,2
BRDA:184,20,0,2
BRDA:184,20,1,0
BRDA:184,21,0,2
BRDA:184,21,1,0
BRDA:185,22,0,1
BRDA:185,22,1,1
BRDA:218,23,0,3
BRDA:218,23,1,2
BRDA:242,24,0,1
BRDA:242,24,1,1
BRDA:247,25,0,2
BRDA:247,25,1,1
BRDA:252,26,0,1
BRDA:252,26,1,1
BRDA:257,27,0,1
BRDA:257,27,1,1
BRDA:268,28,0,1
BRDA:268,28,1,1
BRDA:279,29,0,1
BRDA:279,29,1,1
BRF:58
BRH:45
end_of_record
TN:
SF:C:\Users\Dori3n\Desktop\launchifi-hardhat-test\contracts\ERC721i.sol
FN:71,constructor
FN:86,preMint
FN:92,mintCompliance
FN:108,mint
FN:120,setCostPrice
FN:128,tokenURI
FN:142,_baseURI
FN:147,setExtensionURL
FN:153,setHiddenURL
FN:161,setbaseURL
FN:165,setRevealed
FN:172,setMaxMintAmountPerTx
FN:178,setMaxMintAmountPerWallet
FN:183,pause
FN:189,currentSupply
FN:198,batchTransfer
FN:205,batchTransferFrom
FN:218,airdrop
FN:232,_batchTransfer
FN:275,withdraw
FNF:20
FNH:20
FNDA:3,constructor
FNDA:16,preMint
FNDA:12,mintCompliance
FNDA:7,mint
FNDA:4,setCostPrice
FNDA:3,tokenURI
FNDA:1,_baseURI
FNDA:1,setExtensionURL
FNDA:2,setHiddenURL
FNDA:2,setbaseURL
FNDA:3,setRevealed
FNDA:4,setMaxMintAmountPerTx
FNDA:3,setMaxMintAmountPerWallet
FNDA:5,pause
FNDA:18,currentSupply
FNDA:3,batchTransfer
FNDA:1,batchTransferFrom
FNDA:4,airdrop
FNDA:15,_batchTransfer
FNDA:1,withdraw
DA:72,3
DA:73,3
DA:74,3
DA:75,3
DA:76,3
DA:77,3
DA:80,3
DA:87,16
DA:88,15
DA:89,15
DA:93,12
DA:94,12
DA:95,11
DA:96,10
DA:97,9
DA:98,8
DA:99,7
DA:109,7
DA:110,7
DA:111,23
DA:112,23
DA:113,7
DA:114,7
DA:121,4
DA:122,4
DA:129,3
DA:131,2
DA:132,1
DA:134,1
DA:135,1
DA:143,1
DA:148,1
DA:154,2
DA:162,2
DA:166,3
DA:173,4
DA:179,3
DA:184,5
DA:190,18
DA:202,3
DA:210,1
DA:219,4
DA:220,3
DA:221,2
DA:222,2
DA:223,4
DA:224,12
DA:225,12
DA:227,4
DA:241,15
DA:243,15
DA:244,43
DA:248,43
DA:254,43
DA:257,43
DA:259,43
DA:260,43
DA:262,43
DA:264,43
DA:268,15
DA:269,15
DA:276,1
DA:277,1
LF:63
LH:63
BRDA:86,1,0,16
BRDA:86,1,1,1
BRDA:87,2,0,1
BRDA:87,2,1,15
BRDA:93,3,0,0
BRDA:93,3,1,12
BRDA:94,4,0,1
BRDA:94,4,1,11
BRDA:94,5,0,0
BRDA:94,5,1,1
BRDA:95,6,0,1
BRDA:95,6,1,10
BRDA:96,7,0,1
BRDA:96,7,1,9
BRDA:97,8,0,1
BRDA:97,8,1,8
BRDA:98,9,0,1
BRDA:98,9,1,7
BRDA:108,10,0,12
BRDA:108,10,1,0
BRDA:108,11,0,7
BRDA:108,11,1,5
BRDA:120,12,0,4
BRDA:120,12,1,1
BRDA:129,13,0,1
BRDA:129,13,1,2
BRDA:131,14,0,1
BRDA:131,14,1,1
BRDA:136,15,0,1
BRDA:136,15,1,0
BRDA:147,16,0,1
BRDA:147,16,1,0
BRDA:153,17,0,2
BRDA:153,17,1,0
BRDA:161,18,0,2
BRDA:161,18,1,1
BRDA:165,19,0,3
BRDA:165,19,1,1
BRDA:172,20,0,4
BRDA:172,20,1,1
BRDA:178,21,0,3
BRDA:178,21,1,1
BRDA:183,22,0,5
BRDA:183,22,1,1
BRDA:218,23,0,4
BRDA:218,23,1,0
BRDA:219,24,0,1
BRDA:219,24,1,3
BRDA:220,25,0,1
BRDA:220,25,1,2
BRDA:248,26,0,0
BRDA:248,26,1,43
BRDA:249,27,0,0
BRDA:249,27,1,0
BRDA:249,28,0,0
BRDA:249,28,1,0
BRDA:275,29,0,1
BRDA:275,29,1,1
BRDA:275,30,0,1
BRDA:275,30,1,0
BRDA:277,31,0,1
BRDA:277,31,1,0
BRF:62
BRH:48
end_of_record
TN:
SF:C:\Users\Dori3n\Desktop\launchifi-hardhat-test\contracts\ERC721Staking.sol
FN:80,constructor
FN:98,stake
FN:127,withdraw
FN:165,claimRewards
FN:181,setRewardsPerHour
FN:196,userStakeInfo
FN:204,availableRewards
FN:221,calculateRewards
FN:233,updateRewards
FN:243,pause
FN:250,unpause
FN:254,setStakingTime
FNF:12
FNH:12
FNDA:3,constructor
FNDA:10,stake
FNDA:6,withdraw
FNDA:3,claimRewards
FNDA:1,setRewardsPerHour
FNDA:2,userStakeInfo
FNDA:2,availableRewards
FNDA:8,calculateRewards
FNDA:4,updateRewards
FNDA:1,pause
FNDA:1,unpause
FNDA:1,setStakingTime
DA:86,3
DA:87,3
DA:88,3
DA:99,10
DA:101,10
DA:102,0
DA:104,10
DA:105,10
DA:106,10
DA:109,10
DA:110,10
DA:111,16
DA:113,16
DA:115,15
DA:116,15
DA:117,15
DA:120,9
DA:128,6
DA:129,6
DA:130,4
DA:132,4
DA:133,4
DA:134,5
DA:136,3
DA:137,3
DA:138,3
DA:139,1
DA:140,1
DA:142,3
DA:144,3
DA:146,3
DA:149,2
DA:150,2
DA:151,2
DA:152,2
DA:153,0
DA:154,0
DA:156,2
DA:158,2
DA:166,3
DA:168,3
DA:171,2
DA:172,2
DA:173,2
DA:174,1
DA:182,1
DA:184,1
DA:185,1
DA:186,0
DA:189,1
DA:201,2
DA:205,2
DA:207,2
DA:208,1
DA:211,1
DA:222,8
DA:223,8
DA:234,4
DA:236,4
DA:237,4
DA:244,1
DA:251,1
DA:255,1
DA:257,1
LF:64
LH:60
BRDA:98,1,0,10
BRDA:98,1,1,0
BRDA:101,2,0,0
BRDA:101,2,1,10
BRDA:111,3,0,16
BRDA:111,3,1,0
BRDA:127,4,0,6
BRDA:127,4,1,0
BRDA:129,5,0,4
BRDA:129,5,1,2
BRDA:134,6,0,3
BRDA:134,6,1,2
BRDA:138,7,0,1
BRDA:138,7,1,2
BRDA:149,8,0,2
BRDA:149,8,1,0
BRDA:152,9,0,0
BRDA:152,9,1,2
BRDA:168,10,0,2
BRDA:168,10,1,1
BRDA:181,11,0,1
BRDA:181,11,1,1
BRDA:207,12,0,1
BRDA:207,12,1,1
BRDA:243,13,0,1
BRDA:243,13,1,1
BRDA:250,14,0,1
BRDA:250,14,1,1
BRDA:254,15,0,1
BRDA:254,15,1,1
BRF:30
BRH:24
end_of_record
TN:
SF:C:\Users\Dori3n\Desktop\launchifi-hardhat-test\contracts\mocks\MockERC1555.sol
FN:9,constructor
FN:11,setURI
FN:15,mint
FN:22,mintBatch
FNF:4
FNH:2
FNDA:3,constructor
FNDA:0,setURI
FNDA:6,mint
FNDA:0,mintBatch
DA:12,0
DA:19,6
DA:26,0
LF:3
LH:1
BRDA:11,1,0,0
BRDA:11,1,1,0
BRF:2
BRH:0
end_of_record
TN:
SF:C:\Users\Dori3n\Desktop\launchifi-hardhat-test\contracts\mocks\MockERC20.sol
FN:7,constructor
FN:9,mint
FNF:2
FNH:2
FNDA:9,constructor
FNDA:11,mint
DA:10,11
LF:1
LH:1
BRF:0
BRH:0
end_of_record
TN:
SF:C:\Users\Dori3n\Desktop\launchifi-hardhat-test\contracts\mocks\MockERC721.sol
FN:12,constructor
FN:14,safeMint
FNF:2
FNH:2
FNDA:9,constructor
FNDA:22,safeMint
DA:15,22
DA:16,22
DA:17,22
LF:3
LH:3
BRF:0
BRH:0
end_of_record
TN:
SF:C:\Users\Dori3n\Desktop\launchifi-hardhat-test\contracts\SampleERC1155.sol
FN:34,constructor
FN:45,pause
FN:49,unpause
FN:55,reveal
FN:60,limitPerWallet
FN:67,limitPerTrx
FN:74,mint
FN:81,burnForMint
FN:92,setMaxMintAmountPerWallet
FN:96,setMaxMintAmountPerTx
FN:101,setCostPrice
FN:107,setURI
FN:114,_beforeTokenTransfer
FN:120,withdraw
FNF:14
FNH:14
FNDA:3,constructor
FNDA:1,pause
FNDA:1,unpause
FNDA:3,reveal
FNDA:9,limitPerWallet
FNDA:8,limitPerTrx
FNDA:7,mint
FNDA:1,burnForMint
FNDA:1,setMaxMintAmountPerWallet
FNDA:1,setMaxMintAmountPerTx
FNDA:2,setCostPrice
FNDA:2,setURI
FNDA:11,_beforeTokenTransfer
FNDA:2,withdraw
DA:35,3
DA:36,3
DA:38,3
DA:46,1
DA:50,1
DA:56,3
DA:61,9
DA:62,9
DA:63,8
DA:68,8
DA:69,7
DA:76,7
DA:77,6
DA:78,6
DA:82,1
DA:85,1
DA:93,1
DA:97,1
DA:102,2
DA:108,2
DA:109,1
DA:117,11
DA:121,2
DA:122,1
DA:123,1
LF:25
LH:25
BRDA:45,1,0,1
BRDA:45,1,1,1
BRDA:49,2,0,1
BRDA:49,2,1,1
BRDA:55,3,0,3
BRDA:55,3,1,1
BRDA:61,4,0,9
BRDA:61,4,1,0
BRDA:62,5,0,8
BRDA:62,5,1,1
BRDA:68,6,0,7
BRDA:68,6,1,1
BRDA:74,7,0,8
BRDA:74,7,1,1
BRDA:74,8,0,7
BRDA:74,8,1,1
BRDA:76,9,0,6
BRDA:76,9,1,1
BRDA:77,10,0,6
BRDA:77,10,1,0
BRDA:81,11,0,1
BRDA:81,11,1,1
BRDA:92,12,0,1
BRDA:92,12,1,1
BRDA:96,13,0,1
BRDA:96,13,1,1
BRDA:101,14,0,2
BRDA:101,14,1,1
BRDA:107,15,0,2
BRDA:107,15,1,1
BRDA:108,16,0,1
BRDA:108,16,1,1
BRDA:114,17,0,11
BRDA:114,17,1,0
BRDA:120,18,0,2
BRDA:120,18,1,1
BRDA:121,19,0,1
BRDA:121,19,1,1
BRDA:123,20,0,1
BRDA:123,20,1,0
BRF:40
BRH:36
end_of_record
TN:
SF:C:\Users\Dori3n\Desktop\launchifi-hardhat-test\contracts\SampleERC20.sol
FN:21,constructor
FN:27,pause
FN:32,unpause
FN:38,_beforeTokenTransfer
FN:48,mint
FN:52,_mint
FN:59,decimals
FN:67,airdrop
FN:87,withdraw
FNF:9
FNH:9
FNDA:3,constructor
FNDA:1,pause
FNDA:1,unpause
FNDA:6,_beforeTokenTransfer
FNDA:2,mint
FNDA:7,_mint
FNDA:4,decimals
FNDA:1,airdrop
FNDA:1,withdraw
DA:23,3
DA:28,1
DA:33,1
DA:41,6
DA:49,2
DA:53,7
DA:54,6
DA:60,4
DA:68,1
DA:70,2
DA:88,1
DA:89,1
LF:12
LH:12
BRDA:27,1,0,1
BRDA:27,1,1,1
BRDA:32,2,0,1
BRDA:32,2,1,1
BRDA:38,3,0,6
BRDA:38,3,1,0
BRDA:48,4,0,2
BRDA:48,4,1,1
BRDA:53,5,0,6
BRDA:53,5,1,1
BRDA:67,6,0,1
BRDA:67,6,1,1
BRDA:87,7,0,1
BRDA:87,7,1,1
BRDA:89,8,0,1
BRDA:89,8,1,0
BRF:16
BRH:14
end_of_record
TN:
SF:C:\Users\Dori3n\Desktop\launchifi-hardhat-test\contracts\SampleERC721.sol
FN:50,constructor
FN:63,mintCompliance
FN:74,whitelistMint
FN:84,mint
FN:92,setwhitelistFeature
FN:96,setHashRoot
FN:100,checkHashRoot
FN:106,pause
FN:110,airdrop
FN:117,setHiddenURL
FN:121,setRevealed
FN:126,setbaseURL
FN:130,setExtensionURL
FN:134,setMaxSupply
FN:138,setMaxMintAmountPerTx
FN:142,setMaxMintAmountPerWallet
FN:147,withdraw
FN:156,tokenURI
FN:168,_baseURI
FN:172,currentSupply
FN:177,setCostPrice
FN:187,multiMint
FN:193,setApprovalForAll
FNF:23
FNH:22
FNDA:3,constructor
FNDA:26,mintCompliance
FNDA:5,whitelistMint
FNDA:8,mint
FNDA:11,setwhitelistFeature
FNDA:7,setHashRoot
FNDA:2,checkHashRoot
FNDA:6,pause
FNDA:3,airdrop
FNDA:2,setHiddenURL
FNDA:4,setRevealed
FNDA:2,setbaseURL
FNDA:1,setExtensionURL
FNDA:6,setMaxSupply
FNDA:10,setMaxMintAmountPerTx
FNDA:8,setMaxMintAmountPerWallet
FNDA:1,withdraw
FNDA:3,tokenURI
FNDA:1,_baseURI
FNDA:27,currentSupply
FNDA:14,setCostPrice
FNDA:11,multiMint
FNDA:0,setApprovalForAll
DA:51,3
DA:52,3
DA:53,3
DA:54,3
DA:55,3
DA:56,3
DA:57,3
DA:64,26
DA:65,26
DA:66,23
DA:67,20
DA:68,17
DA:69,15
DA:70,13
DA:75,5
DA:76,4
DA:77,4
DA:78,2
DA:86,8
DA:87,7
DA:93,11
DA:97,7
DA:101,2
DA:107,6
DA:111,3
DA:112,2
DA:113,1
DA:114,2
DA:118,2
DA:122,4
DA:127,2
DA:131,1
DA:135,6
DA:139,10
DA:143,8
DA:150,1
DA:151,1
DA:157,3
DA:159,2
DA:160,1
DA:162,1
DA:163,1
DA:169,1
DA:173,27
DA:178,14
DA:188,11
DA:189,94
DA:190,94
DA:194,0
LF:49
LH:48
BRDA:64,1,0,0
BRDA:64,1,1,26
BRDA:65,2,0,3
BRDA:65,2,1,23
BRDA:65,3,0,0
BRDA:65,3,1,3
BRDA:66,4,0,3
BRDA:66,4,1,20
BRDA:67,5,0,3
BRDA:67,5,1,17
BRDA:68,6,0,2
BRDA:68,6,1,15
BRDA:69,7,0,2
BRDA:69,7,1,13
BRDA:74,8,0,5
BRDA:74,8,1,8
BRDA:75,9,0,1
BRDA:75,9,1,4
BRDA:77,10,0,2
BRDA:77,10,1,2
BRDA:84,11,0,8
BRDA:84,11,1,5
BRDA:86,12,0,1
BRDA:86,12,1,7
BRDA:92,13,0,11
BRDA:92,13,1,1
BRDA:96,14,0,7
BRDA:96,14,1,1
BRDA:100,15,0,2
BRDA:100,15,1,2
BRDA:106,16,0,6
BRDA:106,16,1,1
BRDA:110,17,0,3
BRDA:110,17,1,0
BRDA:111,18,0,1
BRDA:111,18,1,2
BRDA:112,19,0,1
BRDA:112,19,1,1
BRDA:117,20,0,2
BRDA:117,20,1,0
BRDA:121,21,0,4
BRDA:121,21,1,1
BRDA:126,22,0,2
BRDA:126,22,1,1
BRDA:130,23,0,1
BRDA:130,23,1,0
BRDA:134,24,0,6
BRDA:134,24,1,1
BRDA:138,25,0,10
BRDA:138,25,1,1
BRDA:142,26,0,8
BRDA:142,26,1,1
BRDA:147,27,0,1
BRDA:147,27,1,1
BRDA:147,28,0,1
BRDA:147,28,1,0
BRDA:151,29,0,1
BRDA:151,29,1,0
BRDA:157,30,0,1
BRDA:157,30,1,2
BRDA:159,31,0,1
BRDA:159,31,1,1
BRDA:164,32,0,1
BRDA:164,32,1,0
BRDA:177,33,0,14
BRDA:177,33,1,1
BRDA:193,34,0,0
BRDA:193,34,1,0
BRF:68
BRH:58
end_of_record
TN:
SF:C:\Users\Dori3n\Desktop\launchifi-hardhat-test\contracts\SampleERC721a.sol
FN:50,constructor
FN:61,mintCompliance
FN:68,mintPriceCompliance
FN:77,whitelistMint
FN:84,mint
FN:91,pause
FN:95,safeMint
FN:99,airdrop
FN:105,setRevealed
FN:109,setbaseURL
FN:113,setExtensionURL
FN:117,setCostPrice
FN:121,setMaxSupply
FN:125,setMaxMintAmountPerTx
FN:129,setMaxMintAmountPerWallet
FN:133,_startTokenId
FN:140,setwhitelistFeature
FN:144,setHashRoot
FN:148,checkHashRoot
FN:154,withdraw
FN:163,tokenURI
FN:177,_baseURI
FN:181,maxSupply
FN:186,transferFrom
FN:190,safeTransferFrom
FN:197,safeTransferFrom
FNF:26
FNH:22
FNDA:3,constructor
FNDA:31,mintCompliance
FNDA:20,mintPriceCompliance
FNDA:5,whitelistMint
FNDA:7,mint
FNDA:6,pause
FNDA:3,safeMint
FNDA:1,airdrop
FNDA:4,setRevealed
FNDA:2,setbaseURL
FNDA:1,setExtensionURL
FNDA:13,setCostPrice
FNDA:6,setMaxSupply
FNDA:10,setMaxMintAmountPerTx
FNDA:10,setMaxMintAmountPerWallet
FNDA:37,_startTokenId
FNDA:11,setwhitelistFeature
FNDA:8,setHashRoot
FNDA:2,checkHashRoot
FNDA:1,withdraw
FNDA:2,tokenURI
FNDA:1,_baseURI
FNDA:0,maxSupply
FNDA:0,transferFrom
FNDA:0,safeTransferFrom
FNDA:0,safeTransferFrom
DA:52,3
DA:53,3
DA:54,3
DA:55,3
DA:56,3
DA:57,3
DA:58,3
DA:62,31
DA:63,31
DA:64,27
DA:65,24
DA:69,20
DA:70,18
DA:71,15
DA:72,12
DA:78,5
DA:79,4
DA:80,4
DA:81,2
DA:85,7
DA:86,6
DA:92,6
DA:96,3
DA:100,1
DA:101,2
DA:106,4
DA:110,2
DA:114,1
DA:118,13
DA:122,6
DA:126,10
DA:130,10
DA:134,37
DA:141,11
DA:145,8
DA:149,2
DA:155,1
DA:157,1
DA:158,1
DA:165,2
DA:167,1
DA:168,0
DA:171,1
DA:172,1
DA:178,1
DA:182,0
DA:187,0
DA:191,0
DA:199,0
LF:49
LH:44
BRDA:62,1,0,0
BRDA:62,1,1,31
BRDA:63,2,0,4
BRDA:63,2,1,27
BRDA:64,3,0,3
BRDA:64,3,1,24
BRDA:69,4,0,2
BRDA:69,4,1,18
BRDA:70,5,0,3
BRDA:70,5,1,15
BRDA:70,6,0,0
BRDA:70,6,1,3
BRDA:71,7,0,3
BRDA:71,7,1,12
BRDA:77,8,0,10
BRDA:77,8,1,3
BRDA:77,9,0,5
BRDA:77,9,1,5
BRDA:78,10,0,1
BRDA:78,10,1,4
BRDA:80,11,0,2
BRDA:80,11,1,2
BRDA:84,12,0,10
BRDA:84,12,1,2
BRDA:84,13,0,7
BRDA:84,13,1,3
BRDA:85,14,0,1
BRDA:85,14,1,6
BRDA:91,15,0,6
BRDA:91,15,1,1
BRDA:95,16,0,3
BRDA:95,16,1,1
BRDA:95,17,0,3
BRDA:95,17,1,0
BRDA:99,18,0,3
BRDA:99,18,1,1
BRDA:99,19,0,1
BRDA:99,19,1,2
BRDA:105,20,0,4
BRDA:105,20,1,1
BRDA:109,21,0,2
BRDA:109,21,1,1
BRDA:113,22,0,1
BRDA:113,22,1,0
BRDA:117,23,0,13
BRDA:117,23,1,1
BRDA:121,24,0,6
BRDA:121,24,1,1
BRDA:125,25,0,10
BRDA:125,25,1,1
BRDA:129,26,0,10
BRDA:129,26,1,1
BRDA:140,27,0,11
BRDA:140,27,1,1
BRDA:144,28,0,8
BRDA:144,28,1,1
BRDA:148,29,0,2
BRDA:148,29,1,2
BRDA:154,30,0,1
BRDA:154,30,1,1
BRDA:154,31,0,1
BRDA:154,31,1,0
BRDA:158,32,0,1
BRDA:158,32,1,0
BRDA:165,33,0,1
BRDA:165,33,1,1
BRDA:167,34,0,0
BRDA:167,34,1,1
BRDA:173,35,0,1
BRDA:173,35,1,0
BRDA:186,36,0,0
BRDA:186,36,1,0
BRDA:190,37,0,0
BRDA:190,37,1,0
BRDA:197,38,0,0
BRDA:197,38,1,0
BRF:76
BRH:62
end_of_record
TN:
SF:C:\Users\Dori3n\Desktop\launchifi-hardhat-test\contracts\Token.sol
FN:30,constructor
FN:43,transfer
FN:63,balanceOf
FNF:3
FNH:3
FNDA:3,constructor
FNDA:5,transfer
FNDA:11,balanceOf
DA:33,3
DA:34,3
DA:47,5
DA:50,4
DA:51,4
DA:54,4
DA:64,11
LF:7
LH:7
BRDA:47,1,0,4
BRDA:47,1,1,1
BRF:2
BRH:2
end_of_record
